        -:    0:Source:code.c
        -:    1:#include "code.h"
        -:    2:
        -:    3:FILE *fp;
        -:    4:struct LABEL_END *labelIterateEnd;
        -:    5:
function open_file called 77 returned 100% blocks executed 85%
       77:    6:int open_file(char *name) {
       77:    7:    int pos = 0;
        -:    8:    char *fileName;
        -:    9:
       77:   10:    if((fileName = (char *)malloc(strlen(name) + 4 + 1)) == NULL) {
branch  0 taken 0% (fallthrough)
branch  1 taken 100%
    #####:   11:        return ERROR;
        -:   12:    }
       77:   13:    strcpy(fileName, name);
     2614:   14:    for(; fileName[pos]!='\0'; pos++);
branch  0 taken 97%
branch  1 taken 3% (fallthrough)
       77:   15:    if(strncmp(&fileName[pos-4], ".mpl", 4) == 0) {
branch  0 taken 99% (fallthrough)
branch  1 taken 1%
       76:   16:        fileName[pos-3] = 'c';
       76:   17:        fileName[pos-2] = 's';
        -:   18:    } else {
        1:   19:        snprintf(&fileName[pos], 5, "%s", ".csl");
        -:   20:    }
        -:   21:
       77:   22:    if((fp = fopen(fileName, "w")) == NULL) {
call    0 returned 100%
branch  1 taken 0% (fallthrough)
branch  2 taken 100%
    #####:   23:        return ERROR;
        -:   24:    }
        -:   25:
       77:   26:    return NORMAL;
        -:   27:}
        -:   28:
function close_file called 2 returned 100% blocks executed 100%
        2:   29:void close_file() {
        2:   30:    fclose(fp);
call    0 returned 100%
        2:   31:}
        -:   32:
function get_label_num called 671 returned 100% blocks executed 100%
      671:   33:int get_label_num(void) {
        -:   34:    static int labelCounter = 2;
        -:   35:
      671:   36:    return labelCounter++;
        -:   37:}
        -:   38:
function add_label_end called 53 returned 100% blocks executed 70%
       53:   39:void add_label_end(int label) {
        -:   40:    struct LABEL_END *p, *tail;
        -:   41:
       53:   42:    if((p = (struct LABEL_END *)malloc(sizeof(struct LABEL_END))) == NULL) {
branch  0 taken 0% (fallthrough)
branch  1 taken 100%
    #####:   43:        error("Cannot allocate memory");
call    0 never executed
    #####:   44:        return;
        -:   45:    }
        -:   46:
       53:   47:    p->labelNum = label;
       53:   48:    p->nextp = NULL;
        -:   49:
       53:   50:    if(labelIterateEnd == NULL) {
branch  0 taken 51% (fallthrough)
branch  1 taken 49%
       27:   51:        labelIterateEnd = p;
        -:   52:    } else {
       26:   53:        tail = labelIterateEnd;
      26*:   54:        for(; tail->nextp!=NULL; tail=tail->nextp);
branch  0 taken 0%
branch  1 taken 100% (fallthrough)
       26:   55:        tail->nextp = p;
        -:   56:    }
        -:   57:}
        -:   58:
function get_label_end_tail called 73 returned 100% blocks executed 71%
       73:   59:int get_label_end_tail() {
       73:   60:    struct LABEL_END *p = labelIterateEnd;
        -:   61:    int label;
        -:   62:
      73*:   63:    if(p == NULL) return 0;
branch  0 taken 0% (fallthrough)
branch  1 taken 100%
        -:   64:
      73*:   65:    for(; p->nextp!=NULL; p=p->nextp);
branch  0 taken 0%
branch  1 taken 100% (fallthrough)
        -:   66:
       73:   67:    return p->labelNum;
        -:   68:}
        -:   69:
function remove_label_end_tail called 29 returned 100% blocks executed 75%
       29:   70:void remove_label_end_tail() {
       29:   71:    struct LABEL_END *p = labelIterateEnd;
        -:   72:    struct LABEL_END *rmp;
        -:   73:    
      29*:   74:    if(p == NULL) return;
branch  0 taken 0% (fallthrough)
branch  1 taken 100%
        -:   75:
      29*:   76:    for(p; p->nextp!=NULL&&p->nextp->nextp!=NULL; p=p->nextp);
branch  0 taken 59% (fallthrough)
branch  1 taken 41%
branch  2 taken 0%
branch  3 taken 100% (fallthrough)
       29:   77:    rmp = p->nextp;
       29:   78:    p->nextp = NULL;
       29:   79:    free(rmp);
        -:   80:}
        -:   81:
function gen_label called 685 returned 100% blocks executed 100%
      685:   82:void gen_label(int label) {
      685:   83:    fprintf(fp, "L%04d\n", label);
call    0 returned 100%
      685:   84:}
        -:   85:
function gen_program_name called 75 returned 100% blocks executed 100%
       75:   86:void gen_program_name(char *name, int label) {
       75:   87:    fprintf(fp, "%%%%%s\tSTART\tL%04d\n", name, label);
call    0 returned 100%
       75:   88:}
        -:   89:
function gen_subprogram_name called 53 returned 100% blocks executed 100%
       53:   90:void gen_subprogram_name(char *name) {
       53:   91:    fprintf(fp, "$%s\n", name);
call    0 returned 100%
       53:   92:}
        -:   93:
function gen_variable called 1789 returned 100% blocks executed 100%
     1789:   94:void gen_variable(char *varName, char *procName, int isParam) {
     1789:   95:    fprintf(fp, "$");
call    0 returned 100%
     1789:   96:    if(isParam) fprintf(fp, "$");
branch  0 taken 19% (fallthrough)
branch  1 taken 81%
call    2 returned 100%
     1789:   97:    fprintf(fp, "%s", varName);
call    0 returned 100%
     1789:   98:    if(procName != NULL && procName[0] != '\0') fprintf(fp, "%%%s", procName);
branch  0 taken 26% (fallthrough)
branch  1 taken 74%
branch  2 taken 100% (fallthrough)
branch  3 taken 0%
call    4 returned 100%
     1789:   99:}
        -:  100:
function gen_variable_decl called 634 returned 100% blocks executed 100%
      634:  101:void gen_variable_decl(char *varName, char *procName, struct TYPE *type, int isParam) {
      634:  102:    gen_variable(varName, procName, isParam);
call    0 returned 100%
      634:  103:    fprintf(fp, "\n\t");
call    0 returned 100%
      634:  104:    if(type->typeNo == TPARRAY) {
branch  0 taken 28% (fallthrough)
branch  1 taken 72%
      179:  105:        fprintf(fp, "DS\t%d\n", type->arraySize);
call    0 returned 100%
        -:  106:    } else {
      455:  107:        fprintf(fp, "DC\t0\n");
call    0 returned 100%
        -:  108:    }
      634:  109:}
        -:  110:
function gen_code_1 called 1102 returned 100% blocks executed 100%
     1102:  111:void gen_code_1(char *opc, char *opr) {
     1102:  112:    fprintf(fp, "\t%s\t%s\n", opc, opr);
call    0 returned 100%
     1102:  113:}
        -:  114:
function gen_code_1_label called 12 returned 100% blocks executed 100%
       12:  115:void gen_code_1_label(char *opc, int label) {
       12:  116:    fprintf(fp, "\t%s\tL%04d\n", opc, label);
call    0 returned 100%
       12:  117:}
        -:  118:
function gen_code_3 called 4306 returned 100% blocks executed 100%
     4306:  119:void gen_code_3(char *opc, char *opr1, char *opr2, char *idxr) {
     4306:  120:    fprintf(fp, "\t%s\t%s,%s", opc, opr1, opr2);
call    0 returned 100%
     4306:  121:    if(idxr != NULL) fprintf(fp, ",%s", idxr);
branch  0 taken 15% (fallthrough)
branch  1 taken 85%
call    2 returned 100%
     4306:  122:    fprintf(fp, "\n");
call    0 returned 100%
     4306:  123:}
        -:  124:
function gen_code_3_variable called 1155 returned 100% blocks executed 100%
     1155:  125:void gen_code_3_variable(char *opc, char *opr, char *varName, char *procName, int isParam, char *idxr) {
     1155:  126:    fprintf(fp, "\t%s\t%s,", opc, opr);
call    0 returned 100%
     1155:  127:    gen_variable(varName, procName, isParam);
call    0 returned 100%
     1155:  128:    if(idxr != NULL) fprintf(fp, ",%s", idxr);
branch  0 taken 12% (fallthrough)
branch  1 taken 88%
call    2 returned 100%
     1155:  129:    fprintf(fp, "\n");
call    0 returned 100%
     1155:  130:}
        -:  131:
function gen_code_3_string called 108 returned 100% blocks executed 80%
      108:  132:void gen_code_3_string(char *opc, char *opr, char *str, char *idxr) {
      108:  133:    fprintf(fp, "\t%s\t%s,='%s'", opc, opr, str);
call    0 returned 100%
     108*:  134:    if(idxr != NULL) fprintf(fp, ",%s", idxr);
branch  0 taken 0% (fallthrough)
branch  1 taken 100%
call    2 never executed
      108:  135:    fprintf(fp, "\n");
call    0 returned 100%
      108:  136:}
        -:  137:
function gen_code_3_label called 12 returned 100% blocks executed 80%
       12:  138:void gen_code_3_label(char *opc, char *opr, int label, char *idxr) {
       12:  139:    fprintf(fp, "\t%s\t%s,L%04d", opc, opr, label);
call    0 returned 100%
      12*:  140:    if(idxr != NULL) fprintf(fp, ",%s", idxr);
branch  0 taken 0% (fallthrough)
branch  1 taken 100%
call    2 never executed
       12:  141:    fprintf(fp, "\n");
call    0 returned 100%
       12:  142:}
        -:  143:
function gen_jump called 712 returned 100% blocks executed 75%
      712:  144:void gen_jump(char *opc, char *dest, char *idxr) {
      712:  145:    fprintf(fp, "\t%s\t%s\n", opc, dest);
call    0 returned 100%
     712*:  146:    if(idxr != NULL) fprintf(fp, ",%s", idxr);
branch  0 taken 0% (fallthrough)
branch  1 taken 100%
call    2 never executed
      712:  147:}
        -:  148:
function gen_jump_label called 731 returned 100% blocks executed 75%
      731:  149:void gen_jump_label(char *opc, int label, char *idxr) {
      731:  150:    fprintf(fp, "\t%s\tL%04d\n", opc, label);
call    0 returned 100%
     731*:  151:    if(idxr != NULL) fprintf(fp, ",%s", idxr);
branch  0 taken 0% (fallthrough)
branch  1 taken 100%
call    2 never executed
      731:  152:}
        -:  153:
function gen_call called 13 returned 100% blocks executed 100%
       13:  154:void gen_call(char *dest) {
       13:  155:    fprintf(fp, "\tCALL\t$%s\n", dest);
call    0 returned 100%
       13:  156:}
        -:  157:
function gen_ret called 119 returned 100% blocks executed 100%
      119:  158:void gen_ret() {
      119:  159:    fprintf(fp, "\tRET\n");
call    0 returned 100%
      119:  160:}
        -:  161:
function gen_nop called 0 returned 0% blocks executed 0%
    #####:  162:void gen_nop() {
    #####:  163:    fprintf(fp, "\tNOP\n");
call    0 never executed
    #####:  164:}
        -:  165:
function gen_end called 2 returned 100% blocks executed 100%
        2:  166:void gen_end() {
        2:  167:    fprintf(fp, "\tEND\n");
call    0 returned 100%
        2:  168:}
