        -:    0:Source:outlib.c
        -:    1:/**
        -:    2: * @file outlib.c
        -:    3: * @author omzn (@omzn.aquatan.net)
        -:    4: * @brief  CASLIIユーティリティサブルーチン出力ライブラリ
        -:    5: * @version 0.1
        -:    6: * @date 2025-02-26
        -:    7: * 
        -:    8: */
        -:    9:#include <stdio.h>
        -:   10:#include "outlib.h"
        -:   11:
        -:   12:/**
        -:   13: * @brief ユーティリティサブルーチンを出力する．
        -:   14: * @details この関数では，最後のEND命令を出力しないため，
        -:   15: *      必ず，この関数実行後にEND命令を出力するか，
        -:   16: *      この関数の最後にEND命令を追加すること．
        -:   17: */
function outlib called 2 returned 100% blocks executed 100%
        2:   18:void outlib(void) {
        2:   19:  fprintf(fp,""
call    0 returned 100%
        -:   20:  "; ------------------------\n"
        -:   21:  "; Utility functions\n"
        -:   22:  "; ------------------------\n"
        -:   23:  "EOVF            CALL    WRITELINE\n"
        -:   24:  "                LAD     gr1, EOVF1\n"
        -:   25:  "                LD      gr2, gr0\n"
        -:   26:  "                CALL    WRITESTR\n"
        -:   27:  "                CALL    WRITELINE\n"
        -:   28:  "                SVC     1  ;  overflow error stop\n"
        -:   29:  "EOVF1           DC      '***** Run-Time Error : Overflow *****'\n"
        -:   30:  "E0DIV           JNZ     EOVF\n"
        -:   31:  "                CALL    WRITELINE\n"
        -:   32:  "                LAD     gr1, E0DIV1\n"
        -:   33:  "                LD      gr2, gr0\n"
        -:   34:  "                CALL    WRITESTR\n"
        -:   35:  "                CALL    WRITELINE\n"
        -:   36:  "                SVC     2  ;  0-divide error stop\n"
        -:   37:  "E0DIV1          DC      '***** Run-Time Error : Zero-Divide *****'\n"
        -:   38:  "EROV            CALL    WRITELINE\n"
        -:   39:  "                LAD     gr1, EROV1\n"
        -:   40:  "                LD      gr2, gr0\n"
        -:   41:  "                CALL    WRITESTR\n"
        -:   42:  "                CALL    WRITELINE\n"
        -:   43:  "                SVC     3  ;  range-over error stop\n"
        -:   44:  "EROV1           DC      '***** Run-Time Error : Range-Over in Array Index *****'\n"
        -:   45:  "; gr1の値（文字）をgr2のけた数で出力する．\n"
        -:   46:  "; gr2が0なら必要最小限の桁数で出力する\n"
        -:   47:  "WRITECHAR       RPUSH\n"
        -:   48:  "                LD      gr6, SPACE\n"
        -:   49:  "                LD      gr7, OBUFSIZE\n"
        -:   50:  "WC1             SUBA    gr2, ONE  ; while(--c > 0) {\n"
        -:   51:  "                JZE     WC2\n"
        -:   52:  "                JMI     WC2\n"
        -:   53:  "                ST      gr6, OBUF,gr7  ;  *p++ = ' ';\n"
        -:   54:  "                CALL    BOVFCHECK\n"
        -:   55:  "                JUMP    WC1  ; }\n"
        -:   56:  "WC2             ST      gr1, OBUF,gr7  ; *p++ = gr1;\n"
        -:   57:  "                CALL    BOVFCHECK\n"
        -:   58:  "                ST      gr7, OBUFSIZE\n"
        -:   59:  "                RPOP\n"
        -:   60:  "                RET\n"
        -:   61:  "; gr1が指す文字列をgr2のけた数で出力する．\n"
        -:   62:  "; gr2が0なら必要最小限の桁数で出力する\n"
        -:   63:  "WRITESTR        RPUSH\n"
        -:   64:  "                LD      gr6, gr1  ; p = gr1;\n"
        -:   65:  "WS1             LD      gr4, 0,gr6  ; while(*p != 0) {\n"
        -:   66:  "                JZE     WS2\n"
        -:   67:  "                ADDA    gr6, ONE  ;  p++;\n"
        -:   68:  "                SUBA    gr2, ONE  ;  c--;\n"
        -:   69:  "                JUMP    WS1  ; }\n"
        -:   70:  "WS2             LD      gr7, OBUFSIZE  ; q = OBUFSIZE;\n"
        -:   71:  "                LD      gr5, SPACE\n"
        -:   72:  "WS3             SUBA    gr2, ONE  ; while(--c >= 0) {\n"
        -:   73:  "                JMI     WS4\n"
        -:   74:  "                ST      gr5, OBUF,gr7  ;  *q++ = ' ';\n"
        -:   75:  "                CALL    BOVFCHECK\n"
        -:   76:  "                JUMP    WS3  ; }\n"
        -:   77:  "WS4             LD      gr4, 0,gr1  ; while(*gr1 != 0) {\n"
        -:   78:  "                JZE     WS5\n"
        -:   79:  "                ST      gr4, OBUF,gr7  ;  *q++ = *gr1++;\n"
        -:   80:  "                ADDA    gr1, ONE\n"
        -:   81:  "                CALL    BOVFCHECK\n"
        -:   82:  "                JUMP    WS4  ; }\n"
        -:   83:  "WS5             ST      gr7, OBUFSIZE  ; OBUFSIZE = q;\n"
        -:   84:  "                RPOP\n"
        -:   85:  "                RET\n"
        -:   86:  "BOVFCHECK       ADDA    gr7, ONE\n"
        -:   87:  "                CPA     gr7, BOVFLEVEL\n"
        -:   88:  "                JMI     BOVF1\n"
        -:   89:  "                CALL    WRITELINE\n"
        -:   90:  "                LD      gr7, OBUFSIZE\n"
        -:   91:  "BOVF1           RET\n"
        -:   92:  "BOVFLEVEL       DC      256\n"
        -:   93:  "; gr1の値（整数）をgr2のけた数で出力する．\n"
        -:   94:  "; gr2が0なら必要最小限の桁数で出力する\n"
        -:   95:  "WRITEINT        RPUSH\n"
        -:   96:  "                LD      gr7, gr0  ; flag = 0;\n"
        -:   97:  "                CPA     gr1, gr0  ; if(gr1>=0) goto WI1;\n"
        -:   98:  "                JPL     WI1\n"
        -:   99:  "                JZE     WI1\n"
        -:  100:  "                LD      gr4, gr0  ; gr1= - gr1;\n"
        -:  101:  "                SUBA    gr4, gr1\n"
        -:  102:  "                CPA     gr4, gr1\n"
        -:  103:  "                JZE     WI6\n"
        -:  104:  "                LD      gr1, gr4\n"
        -:  105:  "                LD      gr7, ONE  ; flag = 1;\n"
        -:  106:  "WI1             LD      gr6, SIX  ; p = INTBUF+6;\n"
        -:  107:  "                ST      gr0, INTBUF,gr6  ; *p = 0;\n"
        -:  108:  "                SUBA    gr6, ONE  ; p--;\n"
        -:  109:  "                CPA     gr1, gr0  ; if(gr1 == 0)\n"
        -:  110:  "                JNZ     WI2\n"
        -:  111:  "                LD      gr4, ZERO  ;  *p = '0';\n"
        -:  112:  "                ST      gr4, INTBUF,gr6\n"
        -:  113:  "                JUMP    WI5  ; }\n"
        -:  114:  "; else {\n"
        -:  115:  "WI2             CPA     gr1, gr0  ;  while(gr1 != 0) {\n"
        -:  116:  "                JZE     WI3\n"
        -:  117:  "                LD      gr5, gr1  ;   gr5 = gr1 - (gr1 / 10) * 10;\n"
        -:  118:  "                DIVA    gr1, TEN  ;   gr1 /= 10;\n"
        -:  119:  "                LD      gr4, gr1\n"
        -:  120:  "                MULA    gr4, TEN\n"
        -:  121:  "                SUBA    gr5, gr4\n"
        -:  122:  "                ADDA    gr5, ZERO  ;   gr5 += '0';\n"
        -:  123:  "                ST      gr5, INTBUF,gr6  ;   *p = gr5;\n"
        -:  124:  "                SUBA    gr6, ONE  ;   p--;\n"
        -:  125:  "                JUMP    WI2  ;  }\n"
        -:  126:  "WI3             CPA     gr7, gr0  ;  if(flag != 0) {\n"
        -:  127:  "                JZE     WI4\n"
        -:  128:  "                LD      gr4, MINUS  ;   *p = '-';\n"
        -:  129:  "                ST      gr4, INTBUF,gr6\n"
        -:  130:  "                JUMP    WI5  ;  }\n"
        -:  131:  "WI4             ADDA    gr6, ONE  ;  else p++;\n"
        -:  132:  "; }\n"
        -:  133:  "WI5             LAD     gr1, INTBUF,gr6  ; gr1 = p;\n"
        -:  134:  "                CALL    WRITESTR  ; WRITESTR();\n"
        -:  135:  "                RPOP\n"
        -:  136:  "                RET\n"
        -:  137:  "WI6             LAD     gr1, MMINT\n"
        -:  138:  "                CALL    WRITESTR  ; WRITESTR();\n"
        -:  139:  "                RPOP\n"
        -:  140:  "                RET\n"
        -:  141:  "MMINT           DC      '-32768'\n"
        -:  142:  "; gr1の値（真理値）が0なら'FALSE'を\n"
        -:  143:  "; 0以外なら'TRUE'をgr2のけた数で出力する．\n"
        -:  144:  "; gr2が0なら必要最小限の桁数で出力する\n"
        -:  145:  "WRITEBOOL       RPUSH\n"
        -:  146:  "                CPA     gr1, gr0  ; if(gr1 != 0)\n"
        -:  147:  "                JZE     WB1\n"
        -:  148:  "                LAD     gr1, WBTRUE  ;  gr1 = TRUE;\n"
        -:  149:  "                JUMP    WB2\n"
        -:  150:  "; else\n"
        -:  151:  "WB1             LAD     gr1, WBFALSE  ;  gr1 = FALSE;\n"
        -:  152:  "WB2             CALL    WRITESTR  ; WRITESTR();\n"
        -:  153:  "                RPOP\n"
        -:  154:  "                RET\n"
        -:  155:  "WBTRUE          DC      'TRUE'\n"
        -:  156:  "WBFALSE         DC      'FALSE'\n"
        -:  157:  "; 改行を出力する\n"
        -:  158:  "WRITELINE       RPUSH\n"
        -:  159:  "                LD      gr7, OBUFSIZE\n"
        -:  160:  "                LD      gr6, NEWLINE\n"
        -:  161:  "                ST      gr6, OBUF,gr7\n"
        -:  162:  "                ADDA    gr7, ONE\n"
        -:  163:  "                ST      gr7, OBUFSIZE\n"
        -:  164:  "                OUT     OBUF, OBUFSIZE\n"
        -:  165:  "                ST      gr0, OBUFSIZE\n"
        -:  166:  "                RPOP\n"
        -:  167:  "                RET\n"
        -:  168:  "FLUSH           RPUSH\n"
        -:  169:  "                LD      gr7, OBUFSIZE\n"
        -:  170:  "                JZE     FL1\n"
        -:  171:  "                CALL    WRITELINE\n"
        -:  172:  "FL1             RPOP\n"
        -:  173:  "                RET\n"
        -:  174:  "; gr1が指す番地に文字一つを読み込む\n"
        -:  175:  "READCHAR        RPUSH\n"
        -:  176:  "                LD      gr5, RPBBUF  ; if(RPBBUF != 0) {\n"
        -:  177:  "                JZE     RC0\n"
        -:  178:  "                ST      gr5, 0,gr1  ;  *gr1 = RPBBUF;\n"
        -:  179:  "                ST      gr0, RPBBUF  ;  RPBBUF = 0\n"
        -:  180:  "                JUMP    RC3  ;  return; }\n"
        -:  181:  "RC0             LD      gr7, INP  ; inp = INP;\n"
        -:  182:  "                LD      gr6, IBUFSIZE  ; if(IBUFSIZE == 0) {\n"
        -:  183:  "                JNZ     RC1\n"
        -:  184:  "                IN      IBUF, IBUFSIZE  ;  IN();\n"
        -:  185:  "                LD      gr7, gr0  ;  inp = 0;\n"
        -:  186:  "; }\n"
        -:  187:  "RC1             CPA     gr7, IBUFSIZE  ; if(inp == IBUFSIZE) {\n"
        -:  188:  "                JNZ     RC2\n"
        -:  189:  "                LD      gr5, NEWLINE  ;  *gr1 = '\\n';\n"
        -:  190:  "                ST      gr5, 0,gr1\n"
        -:  191:  "                ST      gr0, IBUFSIZE  ;  IBUFSIZE = INP = 0;\n"
        -:  192:  "                ST      gr0, INP\n"
        -:  193:  "                JUMP    RC3  ; }\n"
        -:  194:  "; else {\n"
        -:  195:  "RC2             LD      gr5, IBUF,gr7  ;  *gr1 = *inp++;\n"
        -:  196:  "                ADDA    gr7, ONE\n"
        -:  197:  "                ST      gr5, 0,gr1\n"
        -:  198:  "                ST      gr7, INP  ;  INP = inp;\n"
        -:  199:  "; }\n"
        -:  200:  "RC3             RPOP\n"
        -:  201:  "                RET\n"
        -:  202:  "; gr1が指す番地に整数値一つを読み込む\n"
        -:  203:  "READINT         RPUSH\n"
        -:  204:  "; do {\n"
        -:  205:  "RI1             CALL    READCHAR  ;  ch = READCHAR();\n"
        -:  206:  "                LD      gr7, 0,gr1\n"
        -:  207:  "                CPA     gr7, SPACE  ; } while(ch==' ' || ch=='\\t' || ch=='\\n');\n"
        -:  208:  "                JZE     RI1\n"
        -:  209:  "                CPA     gr7, TAB\n"
        -:  210:  "                JZE     RI1\n"
        -:  211:  "                CPA     gr7, NEWLINE\n"
        -:  212:  "                JZE     RI1\n"
        -:  213:  "                LD      gr5, ONE  ; flag = 1\n"
        -:  214:  "                CPA     gr7, MINUS  ; if(ch == '-') {\n"
        -:  215:  "                JNZ     RI4\n"
        -:  216:  "                LD      gr5, gr0  ;  flag = 0;\n"
        -:  217:  "                CALL    READCHAR  ;  ch = READCHAR();\n"
        -:  218:  "                LD      gr7, 0,gr1\n"
        -:  219:  "RI4             LD      gr6, gr0  ; v = 0;     ; }\n"
        -:  220:  "RI2             CPA     gr7, ZERO  ; while('0' <= ch && ch <= '9') {\n"
        -:  221:  "                JMI     RI3\n"
        -:  222:  "                CPA     gr7, NINE\n"
        -:  223:  "                JPL     RI3\n"
        -:  224:  "                MULA    gr6, TEN  ;  v = v*10+ch-'0';\n"
        -:  225:  "                ADDA    gr6, gr7\n"
        -:  226:  "                SUBA    gr6, ZERO\n"
        -:  227:  "                CALL    READCHAR  ;  ch = READSCHAR();\n"
        -:  228:  "                LD      gr7, 0,gr1\n"
        -:  229:  "                JUMP    RI2  ; }\n"
        -:  230:  "RI3             ST      gr7, RPBBUF  ; ReadPushBack();\n"
        -:  231:  "                ST      gr6, 0,gr1  ; *gr1 = v;\n"
        -:  232:  "                CPA     gr5, gr0  ; if(flag == 0) {\n"
        -:  233:  "                JNZ     RI5\n"
        -:  234:  "                SUBA    gr5, gr6  ;  *gr1 = -v;\n"
        -:  235:  "                ST      gr5, 0,gr1\n"
        -:  236:  "; }\n"
        -:  237:  "RI5             RPOP\n"
        -:  238:  "                RET\n"
        -:  239:  "; 入力を改行コードまで（改行コードも含む）読み飛ばす\n"
        -:  240:  "READLINE        ST      gr0, IBUFSIZE\n"
        -:  241:  "                ST      gr0, INP\n"
        -:  242:  "                ST      gr0, RPBBUF\n"
        -:  243:  "                RET\n"
        -:  244:  "ONE             DC      1\n"
        -:  245:  "SIX             DC      6\n"
        -:  246:  "TEN             DC      10\n"
        -:  247:  "SPACE           DC      #0020  ; ' '\n"
        -:  248:  "MINUS           DC      #002D  ; '-'\n"
        -:  249:  "TAB             DC      #0009  ; '\\t'\n"
        -:  250:  "ZERO            DC      #0030  ; '0'\n"
        -:  251:  "NINE            DC      #0039  ; '9'\n"
        -:  252:  "NEWLINE         DC      #000A  ; '\\n'\n"
        -:  253:  "INTBUF          DS      8\n"
        -:  254:  "OBUFSIZE        DC      0\n"
        -:  255:  "IBUFSIZE        DC      0\n"
        -:  256:  "INP             DC      0\n"
        -:  257:  "OBUF            DS      257\n"
        -:  258:  "IBUF            DS      257\n"
        -:  259:  "RPBBUF          DC      0\n"
        -:  260:  );
        2:  261:}
