        -:    0:Source:parse.c
        -:    1:/**
        -:    2:* @file parse.c 
        -:    3:* @brief LL(1)構文解析を行う
        -:    4:* @author Kyogo Yamashita
        -:    5:*/
        -:    6:
        -:    7:#include "parse.h"
        -:    8:
        -:    9:char *token_str[] = {
        -:   10:	"",
        -:   11:	"", //TNAME
        -:   12:	"program",
        -:   13:	"var",
        -:   14:	"array",
        -:   15:	"of",
        -:   16:	"begin",
        -:   17:	"end",
        -:   18:	"if",
        -:   19:	"then",
        -:   20:	"else",
        -:   21:	"procedure",
        -:   22:	"return",
        -:   23:	"call",
        -:   24:	"while",
        -:   25:	"do",
        -:   26:	"not",
        -:   27:	"or",
        -:   28:	"div",
        -:   29:	"and",
        -:   30:	"char",
        -:   31:	"integer",
        -:   32:	"boolean",
        -:   33:	"readln",
        -:   34:	"writeln",
        -:   35:	"true",
        -:   36:	"false",
        -:   37:	"", // TNUMBER
        -:   38:	"", // TSTRING
        -:   39:	"+",
        -:   40:	"-",
        -:   41:	"*",
        -:   42:	"=",
        -:   43:	"<>",
        -:   44:	"<",
        -:   45:	"<=",
        -:   46:	">",
        -:   47:	">=",
        -:   48:	"(",
        -:   49:	")",
        -:   50:	"[",
        -:   51:	"]",
        -:   52:	":=",
        -:   53:	".",
        -:   54:	",",
        -:   55:	":",
        -:   56:	";",
        -:   57:	"read",
        -:   58:	"write",
        -:   59:	"break"
        -:   60:};
        -:   61:
        -:   62:int token;
        -:   63:int nest = 0;
        -:   64:char tab[] = "    ";
        -:   65:int break_next = 0;
        -:   66:int isVariable = 0;
        -:   67:
function print_token called 9586 returned 100% blocks executed 100%
     9586:   68:void print_token(void) {
     9586:   69:    token = scan();
call    0 returned 100%
     9585:   70:    return; // 課題3はプリティプリントを行わない
        -:   71:
        -:   72:    char *str;
        -:   73:
        -:   74:    switch(token) {
        -:   75:        case TNAME:
        -:   76:        case TSTRING:
        -:   77:        case TNUMBER:
        -:   78:            str = string_attr;
        -:   79:            break;
        -:   80:        default:
        -:   81:            str = token_str[token];
        -:   82:            break;
        -:   83:    }
        -:   84:    if(token == TSTRING) {
        -:   85:        printf("'%s'", str);
        -:   86:    } else {
        -:   87:        printf("%s", str);
        -:   88:    }
        -:   89:    
        -:   90:    if(token != TEND) {
        -:   91:        token = scan();
        -:   92:        //if(token != TEND && token != TSEMI && token != TDOT && token != TELSE && break_next != 1)  // 行中の字句と字句の間は1つの空白だけがある｜";","."の直前には空白を入れない
        -:   93:    } else {
        -:   94:        token = scan();
        -:   95:    }
        -:   96:    break_next = 0;
        -:   97:}
        -:   98:/*
        -:   99:void print_tab(void) {
        -:  100:    for(int i=0; i<nest; i++) {
        -:  101:        printf(tab); // 段付の1段は空白4文字とする
        -:  102:    }
        -:  103:}
        -:  104:*/
        -:  105:
function parse_program called 77 returned 99% blocks executed 92%
       77:  106:int parse_program(int t) {
       77:  107:    token = t;
        -:  108:
       77:  109:    if(token != TPROGRAM) return error("Keyword 'program' is not found");
branch  0 taken 1% (fallthrough)
branch  1 taken 99%
call    2 returned 100%
       76:  110:    print_token();
call    0 returned 100%
       76:  111:    if(token != TNAME) return error("Program name is not found");
branch  0 taken 1% (fallthrough)
branch  1 taken 99%
call    2 returned 100%
       75:  112:    gen_program_name(string_attr, 1);  // %%name   START   L0001
call    0 returned 100%
       75:  113:    print_token();
call    0 returned 100%
       75:  114:    if(token != TSEMI) return error("Symbol ';' is not found");
branch  0 taken 1% (fallthrough)
branch  1 taken 99%
call    2 returned 100%
       74:  115:    print_token();
call    0 returned 100%
       74:  116:    if(!parse_block()) return ERROR;
call    0 returned 99%
branch  1 taken 97% (fallthrough)
branch  2 taken 3%
       2*:  117:    if(token != TDOT) return error("Symbol '.' is not found at the end of program");
branch  0 taken 0% (fallthrough)
branch  1 taken 100%
call    2 never executed
        2:  118:    print_token();
call    0 returned 100%
        -:  119:
        2:  120:    gen_ret();
call    0 returned 100%
        2:  121:    outlib();
call    0 returned 100%
        2:  122:    gen_end();
call    0 returned 100%
        2:  123:    return NORMAL;
        -:  124:}
function parse_block called 74 returned 99% blocks executed 100%
       74:  125:int parse_block() {
       74:  126:    add_symbol(SBLOCK);
call    0 returned 100%
        -:  127:    while(1) {
      174:  128:        if(token == TVAR) {
branch  0 taken 42% (fallthrough)
branch  1 taken 58%
       73:  129:            if(!parse_variable_declaration()) return ERROR;
call    0 returned 100%
branch  1 taken 14% (fallthrough)
branch  2 taken 86%
      101:  130:        } else if(token == TPROCEDURE) {
branch  0 taken 60% (fallthrough)
branch  1 taken 40%
       61:  131:            if(!parse_subprogram_declaration()) return ERROR;
call    0 returned 98%
branch  1 taken 38% (fallthrough)
branch  2 taken 62%
        -:  132:        } else {
       40:  133:            break;
        -:  134:        }
        -:  135:    }
       40:  136:    gen_label(1);
call    0 returned 100%
       40:  137:    gen_code_3("LAD", "GR0", "0", NULL);
call    0 returned 100%
       40:  138:    if(!parse_compound_statement()) return ERROR;
call    0 returned 100%
branch  1 taken 95% (fallthrough)
branch  2 taken 5%
        2:  139:    remove_symbol_tail();
call    0 returned 100%
        2:  140:    return NORMAL;
        -:  141:}
function parse_variable_declaration called 123 returned 100% blocks executed 86%
      123:  142:int parse_variable_declaration() {
        -:  143:    char *np, *procnp;
        -:  144:    struct TYPE *tp;
        -:  145:    int canDefine;
        -:  146:
      123:  147:    add_symbol(SVARDECL);
call    0 returned 100%
     123*:  148:    if(token != TVAR) return error("Keyword 'var' is not found");
branch  0 taken 0% (fallthrough)
branch  1 taken 100%
call    2 never executed
      123:  149:    print_token();
call    0 returned 100%
      123:  150:    if(!parse_variable_names()) return ERROR;
call    0 returned 100%
branch  1 taken 1% (fallthrough)
branch  2 taken 99%
      122:  151:    if(token != TCOLON) return error("Symbol ':' is not found");
branch  0 taken 1% (fallthrough)
branch  1 taken 99%
call    2 returned 100%
      121:  152:    print_token();
call    0 returned 100%
      121:  153:    if(!parse_type()) return ERROR;
call    0 returned 100%
branch  1 taken 1% (fallthrough)
branch  2 taken 99%
      120:  154:    if(token != TSEMI) return error("Symbol ';' is not found");
branch  0 taken 1% (fallthrough)
branch  1 taken 99%
call    2 returned 100%
      119:  155:    print_token();
call    0 returned 100%
      488:  156:    while(token == TNAME) {
branch  0 taken 77%
branch  1 taken 23% (fallthrough)
      375:  157:        if(!parse_variable_names()) return ERROR;
call    0 returned 100%
branch  1 taken 1% (fallthrough)
branch  2 taken 100%
     374*:  158:        if(token != TCOLON) return error("Symbol ':' is not found");
branch  0 taken 0% (fallthrough)
branch  1 taken 100%
call    2 never executed
      374:  159:        print_token();
call    0 returned 100%
      374:  160:        if(!parse_type()) return ERROR;
call    0 returned 100%
branch  1 taken 1% (fallthrough)
branch  2 taken 99%
     369*:  161:        if(token != TSEMI) return error("Symbol ';' is not found");
branch  0 taken 0% (fallthrough)
branch  1 taken 100%
call    2 never executed
      369:  162:        print_token();
call    0 returned 100%
        -:  163:    }
        -:  164:    while(1) {
      639:  165:        canDefine = iterate_undefined_variable(&np, &procnp, &tp);
call    0 returned 100%
        -:  166:        // 変数コード生成
      639:  167:        if(canDefine) {
branch  0 taken 82% (fallthrough)
branch  1 taken 18%
      526:  168:            gen_variable_decl(np, procnp, tp, 0);
call    0 returned 100%
        -:  169:        } else {
      113:  170:            break;
        -:  171:        }
        -:  172:    }
        -:  173:
      113:  174:    remove_symbol_tail();
call    0 returned 100%
      113:  175:    return NORMAL;
        -:  176:}
function parse_variable_names called 612 returned 100% blocks executed 100%
      612:  177:int parse_variable_names() {
      612:  178:    add_symbol(SVARNAMES);
call    0 returned 100%
      612:  179:    if(!parse_variable_name()) return ERROR;
call    0 returned 100%
branch  1 taken 1% (fallthrough)
branch  2 taken 100%
      668:  180:    while(token == TCOMMA) {
branch  0 taken 9%
branch  1 taken 91% (fallthrough)
       60:  181:        print_token();
call    0 returned 100%
       60:  182:        if(!parse_variable_name()) return ERROR;
call    0 returned 100%
branch  1 taken 2% (fallthrough)
branch  2 taken 98%
        -:  183:    }
        -:  184:
      608:  185:    remove_symbol_tail();
call    0 returned 100%
      608:  186:    return NORMAL;
        -:  187:}
function parse_variable_name called 1726 returned 100% blocks executed 90%
     1726:  188:int parse_variable_name() {
     1726:  189:    add_symbol(SVARNAME);
call    0 returned 100%
     1726:  190:    if(token != TNAME) return error("Variable name is not found");
branch  0 taken 1% (fallthrough)
branch  1 taken 100%
call    2 returned 100%
     1720:  191:    if(find_symbol(SVARDECL) || find_symbol(SFORMALPARAMS)) {
call    0 returned 100%
branch  1 taken 68% (fallthrough)
branch  2 taken 32%
call    3 returned 100%
branch  4 taken 10% (fallthrough)
branch  5 taken 90%
     668*:  192:        if(!register_identifier_name()) return ERROR;
call    0 returned 100%
branch  1 taken 0% (fallthrough)
branch  2 taken 100%
     1052:  193:    } else if(find_symbol(SCOMPSTMT)) {
call    0 returned 100%
branch  1 taken 100% (fallthrough)
branch  2 taken 0%
    1052*:  194:        if(!(typeNoRef = add_refline())) return ERROR;
call    0 returned 100%
branch  1 taken 0% (fallthrough)
branch  2 taken 100%
        -:  195:    }
     1720:  196:    print_token();
call    0 returned 100%
        -:  197:
     1720:  198:    remove_symbol_tail();
call    0 returned 100%
     1720:  199:    return NORMAL;
        -:  200:}
function parse_type called 606 returned 100% blocks executed 92%
      606:  201:int parse_type() {
      606:  202:    add_symbol(STYPE);
call    0 returned 100%
      606:  203:    if(token == TINTEGER || token == TBOOLEAN || token == TCHAR) {
branch  0 taken 70% (fallthrough)
branch  1 taken 30%
branch  2 taken 72% (fallthrough)
branch  3 taken 28%
branch  4 taken 38% (fallthrough)
branch  5 taken 62%
     417*:  204:        if(!parse_standard_type()) return ERROR;
call    0 returned 100%
branch  1 taken 0% (fallthrough)
branch  2 taken 100%
      189:  205:    } else if(token == TARRAY) {
branch  0 taken 99% (fallthrough)
branch  1 taken 1%
      187:  206:        if(!parse_array_type()) return ERROR;
call    0 returned 100%
branch  1 taken 3% (fallthrough)
branch  2 taken 97%
        -:  207:    } else {
        2:  208:        return error("Variable type is invalid or missing"); 
call    0 returned 100%
        -:  209:    }
      599:  210:    if(find_symbol(SVARDECL) || find_symbol(SFORMALPARAMS)) {
call    0 returned 100%
branch  1 taken 18% (fallthrough)
branch  2 taken 82%
call    3 returned 100%
branch  4 taken 100% (fallthrough)
branch  5 taken 0%
     599*:  211:        if(!register_identifier_type()) return ERROR;
call    0 returned 100%
branch  1 taken 0% (fallthrough)
branch  2 taken 100%
        -:  212:    }
        -:  213:
      599:  214:    remove_symbol_tail();
call    0 returned 100%
      599:  215:    return NORMAL;
        -:  216:}
function parse_standard_type called 646 returned 100% blocks executed 100%
      646:  217:int parse_standard_type() {
      646:  218:    add_symbol(SSTDTYPE);
call    0 returned 100%
      646:  219:    switch(token) {
branch  0 taken 40%
branch  1 taken 30%
branch  2 taken 30%
branch  3 taken 1%
      260:  220:        case TINTEGER:
      260:  221:            if(find_symbol(SARRTYPE)) {
call    0 returned 100%
branch  1 taken 24% (fallthrough)
branch  2 taken 76%
       62:  222:                arrayElemTypeNoRef = TPINT;
        -:  223:            } else {
      198:  224:                typeNoRef = TPINT;
        -:  225:            }
      260:  226:            break;
      192:  227:        case TBOOLEAN:
      192:  228:            if(find_symbol(SARRTYPE)) {
call    0 returned 100%
branch  1 taken 31% (fallthrough)
branch  2 taken 69%
       60:  229:                arrayElemTypeNoRef = TPBOOL;
        -:  230:            } else {
      132:  231:                typeNoRef = TPBOOL;
        -:  232:            }
      192:  233:            break;
      193:  234:        case TCHAR:
      193:  235:            if(find_symbol(SARRTYPE)) {
call    0 returned 100%
branch  1 taken 31% (fallthrough)
branch  2 taken 69%
       60:  236:                arrayElemTypeNoRef = TPCHAR;
        -:  237:            } else {
      133:  238:                typeNoRef = TPCHAR;
        -:  239:            }
      193:  240:            break;
        1:  241:        default:
        1:  242:            return error("Variable type is invalid or missing");
call    0 returned 100%
        -:  243:    }
      645:  244:    print_token();
call    0 returned 100%
        -:  245:
      645:  246:    remove_symbol_tail();    
call    0 returned 100%
      645:  247:    return NORMAL;
        -:  248:}
function parse_array_type called 187 returned 100% blocks executed 87%
      187:  249:int parse_array_type() {
      187:  250:    add_symbol(SARRTYPE);
call    0 returned 100%
     187*:  251:    if(token != TARRAY) return error("Keyword 'array' is not found");
branch  0 taken 0% (fallthrough)
branch  1 taken 100%
call    2 never executed
      187:  252:    typeNoRef = TPARRAY;
      187:  253:    print_token();
call    0 returned 100%
      187:  254:    if(token != TLSQPAREN) return error("Symbol '[' is not found");
branch  0 taken 1% (fallthrough)
branch  1 taken 99%
call    2 returned 100%
      186:  255:    print_token();
call    0 returned 100%
      186:  256:    if(token != TNUMBER) return error("Array size is missing");
branch  0 taken 1% (fallthrough)
branch  1 taken 99%
call    2 returned 100%
     185*:  257:    if((arraySizeRef = num_attr) < 1) return error("Array size is 1 or more");
branch  0 taken 0% (fallthrough)
branch  1 taken 100%
call    2 never executed
      185:  258:    print_token();
call    0 returned 100%
      185:  259:    if(token != TRSQPAREN) return error("Symbol ']' is not found");
branch  0 taken 1% (fallthrough)
branch  1 taken 99%
call    2 returned 100%
      184:  260:    print_token();
call    0 returned 100%
      184:  261:    if(token != TOF) return error("Keyword 'of' is not found");
branch  0 taken 1% (fallthrough)
branch  1 taken 99%
call    2 returned 100%
      183:  262:    print_token();
call    0 returned 100%
      183:  263:    if(!parse_standard_type()) return ERROR;
call    0 returned 100%
branch  1 taken 1% (fallthrough)
branch  2 taken 99%
        -:  264:
      182:  265:    remove_symbol_tail();
call    0 returned 100%
      182:  266:    return NORMAL;
        -:  267:}
function parse_subprogram_declaration called 61 returned 98% blocks executed 91%
       61:  268:int parse_subprogram_declaration() {
        -:  269:    char *np, *procnp;
        -:  270:    struct type *tp;
       61:  271:    add_symbol(SSUBPROGDECL);
call    0 returned 100%
      61*:  272:    if(token != TPROCEDURE) return error("Keyword 'procedure' is not found");
branch  0 taken 0% (fallthrough)
branch  1 taken 100%
call    2 never executed
       61:  273:    print_token();
call    0 returned 100%
       61:  274:    if(!parse_procedure_name()) return ERROR;
call    0 returned 100%
branch  1 taken 2% (fallthrough)
branch  2 taken 98%
       60:  275:    if(token == TLPAREN) if(!parse_formal_parameters()) return ERROR;
branch  0 taken 97% (fallthrough)
branch  1 taken 3%
call    2 returned 100%
branch  3 taken 9% (fallthrough)
branch  4 taken 91%
       55:  276:    if(token != TSEMI) return error("Symbol ';' is not found");
branch  0 taken 4% (fallthrough)
branch  1 taken 96%
call    2 returned 100%
       53:  277:    print_token();
call    0 returned 100%
      53*:  278:    if(token == TVAR) if(!parse_variable_declaration()) return ERROR;
branch  0 taken 94% (fallthrough)
branch  1 taken 6%
call    2 returned 100%
branch  3 taken 0% (fallthrough)
branch  4 taken 100%
       53:  279:    gen_subprogram_name(procNameRef);
call    0 returned 100%
       53:  280:    if(iterate_parameter_rev(&np, &procnp)) {
call    0 returned 100%
branch  1 taken 98% (fallthrough)
branch  2 taken 2%
       52:  281:        gen_code_1("POP", "GR2");
call    0 returned 100%
        -:  282:        do {
      106:  283:            gen_code_1("POP", "GR1");
call    0 returned 100%
      106:  284:            gen_code_3_variable("ST", "GR1", np, procnp, 1, NULL);
call    0 returned 100%
      106:  285:        } while(iterate_parameter_rev(&np, &procnp));
call    0 returned 100%
branch  1 taken 51%
branch  2 taken 49% (fallthrough)
       52:  286:        gen_code_3("PUSH", "0", "GR2", NULL);
call    0 returned 100%
        -:  287:    }
        -:  288:    
       53:  289:    if(!parse_compound_statement()) return ERROR;
call    0 returned 98%
branch  1 taken 27% (fallthrough)
branch  2 taken 73%
       38:  290:    if(token != TSEMI) return error("Symbol ';' is not found"); 
branch  0 taken 3% (fallthrough)
branch  1 taken 97%
call    2 returned 100%
       37:  291:    print_token();
call    0 returned 100%
       37:  292:    gen_ret();
call    0 returned 100%
        -:  293:
      37*:  294:    if(!switch_root()) return ERROR;
call    0 returned 100%
branch  1 taken 0% (fallthrough)
branch  2 taken 100%
       37:  295:    remove_symbol_tail();
call    0 returned 100%
       37:  296:    return NORMAL;
        -:  297:}
function parse_procedure_name called 79 returned 100% blocks executed 88%
       79:  298:int parse_procedure_name() {
       79:  299:    add_symbol(SPROCNAME);
call    0 returned 100%
       79:  300:    if(token != TNAME) return error("Procedure name is not found");
branch  0 taken 3% (fallthrough)
branch  1 taken 97%
call    2 returned 100%
       77:  301:    if(find_symbol(SCALLSTMT)) {
call    0 returned 100%
branch  1 taken 22% (fallthrough)
branch  2 taken 78%
      17*:  302:        if(!add_refline()) return ERROR;
call    0 returned 100%
branch  1 taken 0% (fallthrough)
branch  2 taken 100%
        -:  303:    } else {
      60*:  304:        if(!register_identifier_name()) return ERROR;
call    0 returned 100%
branch  1 taken 0% (fallthrough)
branch  2 taken 100%
        -:  305:    }
       77:  306:    print_token();
call    0 returned 100%
        -:  307:    
       77:  308:    remove_symbol_tail();
call    0 returned 100%
       77:  309:    return NORMAL;
        -:  310:}
function parse_formal_parameters called 58 returned 100% blocks executed 88%
       58:  311:int parse_formal_parameters() {
        -:  312:    char *np, *procnp;
        -:  313:    struct TYPE *tp;
        -:  314:    int canDefine;
        -:  315:
       58:  316:    add_symbol(SFORMALPARAMS);
call    0 returned 100%
      58*:  317:    if(token != TLPAREN) return error("Symbol '(' is not found");
branch  0 taken 0% (fallthrough)
branch  1 taken 100%
call    2 never executed
       58:  318:    print_token();
call    0 returned 100%
       58:  319:    if(!parse_variable_names()) return ERROR;
call    0 returned 100%
branch  1 taken 2% (fallthrough)
branch  2 taken 98%
       57:  320:    if(token != TCOLON) return error("Symbol ':' is not found");
branch  0 taken 2% (fallthrough)
branch  1 taken 98%
call    2 returned 100%
       56:  321:    print_token();
call    0 returned 100%
       56:  322:    if(!parse_type()) return ERROR;
call    0 returned 100%
branch  1 taken 2% (fallthrough)
branch  2 taken 98%
      110:  323:    while(token == TSEMI) {
branch  0 taken 51%
branch  1 taken 49% (fallthrough)
       56:  324:        print_token();
call    0 returned 100%
       56:  325:        if(!parse_variable_names()) return ERROR;
call    0 returned 100%
branch  1 taken 2% (fallthrough)
branch  2 taken 98%
      55*:  326:        if(token != TCOLON) return error("Symbol ':' is not found");
branch  0 taken 0% (fallthrough)
branch  1 taken 100%
call    2 never executed
       55:  327:        print_token();
call    0 returned 100%
      55*:  328:        if(!parse_type()) return ERROR;
call    0 returned 100%
branch  1 taken 0% (fallthrough)
branch  2 taken 100%
        -:  329:    }
       54:  330:    if(token != TRPAREN) return error("Symbol ')' is not found; or is symbol ';' missing?");
branch  0 taken 2% (fallthrough)
branch  1 taken 98%
call    2 returned 100%
       53:  331:    print_token();
call    0 returned 100%
        -:  332:    while(1) {
      161:  333:        canDefine = iterate_undefined_variable(&np, &procnp, &tp);
call    0 returned 100%
        -:  334:        // 変数コード生成
      161:  335:        if(canDefine) {
branch  0 taken 67% (fallthrough)
branch  1 taken 33%
      108:  336:            gen_variable_decl(np, procnp, tp, 1);
call    0 returned 100%
        -:  337:        } else {
       53:  338:            break;
        -:  339:        }
        -:  340:    }
        -:  341:
       53:  342:    remove_symbol_tail();
call    0 returned 100%
       53:  343:    return NORMAL;
        -:  344:}
function parse_compound_statement called 217 returned 100% blocks executed 100%
      217:  345:int parse_compound_statement() {
      217:  346:    add_symbol(SCOMPSTMT);
call    0 returned 100%
      217:  347:    if(token != TBEGIN) return error("Keyword 'begin' is not found");
branch  0 taken 1% (fallthrough)
branch  1 taken 99%
call    2 returned 100%
      215:  348:    print_token();
call    0 returned 100%
      215:  349:    if(!parse_statement()) return ERROR;
call    0 returned 100%
branch  1 taken 8% (fallthrough)
branch  2 taken 92%
      782:  350:    while(token == TSEMI) {
branch  0 taken 85%
branch  1 taken 15% (fallthrough)
      665:  351:        print_token();
call    0 returned 100%
      665:  352:        if(token == TEND) break;
branch  0 taken 5% (fallthrough)
branch  1 taken 95%
      629:  353:        if(!parse_statement()) return ERROR;
call    0 returned 100%
branch  1 taken 7% (fallthrough)
branch  2 taken 93%
        -:  354:    }
      153:  355:    if(token != TEND) return error("Keyword 'end' is not found; or is symbol ';' missing?");
branch  0 taken 8% (fallthrough)
branch  1 taken 92%
call    2 returned 100%
      141:  356:    print_token();
call    0 returned 100%
        -:  357:
      141:  358:    remove_symbol_tail();
call    0 returned 100%
      141:  359:    return NORMAL;
        -:  360:}
function parse_statement called 1076 returned 100% blocks executed 95%
     1076:  361:int parse_statement() {
     1076:  362:    add_symbol(SSTMT);
call    0 returned 100%
     1076:  363:    if(token == TNAME) {
branch  0 taken 50% (fallthrough)
branch  1 taken 50%
      542:  364:        if(!parse_assignment_statement()) return ERROR;
call    0 returned 100%
branch  1 taken 3% (fallthrough)
branch  2 taken 97%
      534:  365:    } else if(token == TIF) {
branch  0 taken 23% (fallthrough)
branch  1 taken 77%
      125:  366:        if(!parse_condition_statement()) return ERROR;
call    0 returned 100%
branch  1 taken 5% (fallthrough)
branch  2 taken 95%
      409:  367:    } else if(token == TWHILE) {
branch  0 taken 13% (fallthrough)
branch  1 taken 87%
       54:  368:        if(!parse_iteration_statement()) return ERROR;
call    0 returned 100%
branch  1 taken 46% (fallthrough)
branch  2 taken 54%
      355:  369:    } else if(token == TBREAK) {
branch  0 taken 21% (fallthrough)
branch  1 taken 79%
      73*:  370:        if(!parse_exit_statement()) return ERROR;
call    0 returned 100%
branch  1 taken 0% (fallthrough)
branch  2 taken 100%
      282:  371:    } else if(token == TCALL) {
branch  0 taken 6% (fallthrough)
branch  1 taken 94%
       18:  372:        if(!parse_call_statement()) return ERROR;
call    0 returned 100%
branch  1 taken 28% (fallthrough)
branch  2 taken 72%
      264:  373:    } else if(token == TRETURN) {
branch  0 taken 30% (fallthrough)
branch  1 taken 70%
      80*:  374:        if(!parse_return_statement()) return ERROR;
call    0 returned 100%
branch  1 taken 0% (fallthrough)
branch  2 taken 100%
      184:  375:    } else if(token == TREAD || token == TREADLN) {
branch  0 taken 100% (fallthrough)
branch  1 taken 0%
branch  2 taken 3% (fallthrough)
branch  3 taken 97%
        6:  376:        if(!parse_input_statement()) return ERROR;
call    0 returned 100%
branch  1 taken 67% (fallthrough)
branch  2 taken 33%
      178:  377:    } else if(token == TWRITE || token == TWRITELN) {
branch  0 taken 100% (fallthrough)
branch  1 taken 0%
branch  2 taken 25% (fallthrough)
branch  3 taken 75%
       45:  378:        if(!parse_output_statement()) return ERROR;
call    0 returned 98%
branch  1 taken 9% (fallthrough)
branch  2 taken 91%
      133:  379:    } else if(token == TBEGIN) {
branch  0 taken 93% (fallthrough)
branch  1 taken 7%
      124:  380:        if(!parse_compound_statement()) return ERROR;
call    0 returned 100%
branch  1 taken 19% (fallthrough)
branch  2 taken 81%
        -:  381:    }
        -:  382:
      991:  383:    remove_symbol_tail();
call    0 returned 100%
      991:  384:    return NORMAL;
        -:  385:}
function parse_condition_statement called 125 returned 100% blocks executed 88%
      125:  386:int parse_condition_statement() {
        -:  387:    int label1, label2;
      125:  388:    add_symbol(SCONDSTMT);
call    0 returned 100%
     125*:  389:    if(token != TIF) return error("Keyword 'if' is not found");
branch  0 taken 0% (fallthrough)
branch  1 taken 100%
call    2 never executed
      125:  390:    print_token();
call    0 returned 100%
      125:  391:    if(!parse_expression()) return ERROR;
call    0 returned 100%
branch  1 taken 2% (fallthrough)
branch  2 taken 98%
        -:  392:    // (式の型はboolean 型でなくてはならない)
      122:  393:    if(typeNoRef != TPBOOL) return error("The expression in a if statement must be a boolean");
branch  0 taken 1% (fallthrough)
branch  1 taken 99%
call    2 returned 100%
      121:  394:    label1 = get_label_num();
call    0 returned 100%
      121:  395:    gen_code_3("CPA", "GR1", "GR0", NULL);
call    0 returned 100%
      121:  396:    gen_jump_label("JZE", label1, NULL);  // JZEが真ならばfalse(ZF=1 => false)
call    0 returned 100%
      121:  397:    if(token != TTHEN) return error("Keyword 'then' is not found");
branch  0 taken 2% (fallthrough)
branch  1 taken 98%
call    2 returned 100%
      119:  398:    print_token();
call    0 returned 100%
     119*:  399:    if(!parse_statement()) return ERROR;
call    0 returned 100%
branch  1 taken 0% (fallthrough)
branch  2 taken 100%
      119:  400:    if(token == TELSE) {
branch  0 taken 51% (fallthrough)
branch  1 taken 49%
       61:  401:        label2 = get_label_num();
call    0 returned 100%
       61:  402:        gen_jump_label("JUMP", label2, NULL);
call    0 returned 100%
       61:  403:        gen_label(label1);
call    0 returned 100%
       61:  404:        print_token();
call    0 returned 100%
      61*:  405:        if(!parse_statement()) return ERROR;
call    0 returned 100%
branch  1 taken 0% (fallthrough)
branch  2 taken 100%
       61:  406:        gen_label(label2);
call    0 returned 100%
        -:  407:        /*
        -:  408:        if(token != TIF) {
        -:  409:            if(!parse_statement()) return ERROR;
        -:  410:        } else {
        -:  411:            if(!parse_condition_statement()) return ERROR;
        -:  412:        }
        -:  413:        */
        -:  414:    } else {
       58:  415:        gen_label(label1);
call    0 returned 100%
        -:  416:    }
        -:  417:
      119:  418:    remove_symbol_tail();
call    0 returned 100%
      119:  419:    return NORMAL;
        -:  420:}
function parse_iteration_statement called 54 returned 100% blocks executed 87%
       54:  421:int parse_iteration_statement() {
        -:  422:    int label1, label2;
       54:  423:    add_symbol(SITERSTMT);
call    0 returned 100%
      54*:  424:    if(token != TWHILE) return error("Keyword 'while' is not found");
branch  0 taken 0% (fallthrough)
branch  1 taken 100%
call    2 never executed
       54:  425:    print_token();
call    0 returned 100%
       54:  426:    label1 = get_label_num();
call    0 returned 100%
       54:  427:    gen_label(label1);
call    0 returned 100%
       54:  428:    if(!parse_expression()) return ERROR;
call    0 returned 100%
branch  1 taken 2% (fallthrough)
branch  2 taken 98%
        -:  429:    // (式の型はboolean 型でなくてはならない)
      53*:  430:    if(typeNoRef != TPBOOL) return error("The expression in a while statement must be a boolean");
branch  0 taken 0% (fallthrough)
branch  1 taken 100%
call    2 never executed
       53:  431:    gen_code_3("CPA", "GR1", "GR0", NULL);
call    0 returned 100%
       53:  432:    label2 = get_label_num();
call    0 returned 100%
       53:  433:    add_label_end(label2);
call    0 returned 100%
       53:  434:    gen_jump_label("JZE", label2, NULL);
call    0 returned 100%
       53:  435:    if(token != TDO) return error("Keyword 'do' is not found");
branch  0 taken 2% (fallthrough)
branch  1 taken 98%
call    2 returned 100%
       52:  436:    print_token();
call    0 returned 100%
       52:  437:    if(!parse_statement()) return ERROR;
call    0 returned 100%
branch  1 taken 44% (fallthrough)
branch  2 taken 56%
       29:  438:    gen_jump_label("JUMP", label1, NULL);
call    0 returned 100%
       29:  439:    gen_label(label2);
call    0 returned 100%
       29:  440:    remove_label_end_tail();
call    0 returned 100%
        -:  441:
       29:  442:    remove_symbol_tail();
call    0 returned 100%
       29:  443:    return NORMAL;
        -:  444:}
function parse_exit_statement called 73 returned 100% blocks executed 82%
       73:  445:int parse_exit_statement() {
       73:  446:    add_symbol(SEXITSTMT);
call    0 returned 100%
      73*:  447:    if(token != TBREAK) return error("Keyword 'break' is not found");
branch  0 taken 0% (fallthrough)
branch  1 taken 100%
call    2 never executed
       73:  448:    if(labelIterateEnd != NULL) gen_jump_label("JUMP", get_label_end_tail(), NULL);
branch  0 taken 100% (fallthrough)
branch  1 taken 0%
call    2 returned 100%
call    3 returned 100%
       73:  449:    print_token();
call    0 returned 100%
        -:  450:
       73:  451:    remove_symbol_tail();
call    0 returned 100%
       73:  452:    return NORMAL;
        -:  453:}
function parse_call_statement called 18 returned 100% blocks executed 84%
       18:  454:int parse_call_statement() {
        -:  455:    char procNameTemp[MAXSTRLEN+1];
       18:  456:    add_symbol(SCALLSTMT);
call    0 returned 100%
      18*:  457:    if(token != TCALL) return error("Keyword 'call' is not found");
branch  0 taken 0% (fallthrough)
branch  1 taken 100%
call    2 never executed
       18:  458:    print_token();
call    0 returned 100%
       18:  459:    strcpy(procNameTemp, string_attr);
       18:  460:    if(!parse_procedure_name()) return ERROR;
call    0 returned 100%
branch  1 taken 6% (fallthrough)
branch  2 taken 94%
        -:  461:
       17:  462:    if(token == TLPAREN) {
branch  0 taken 94% (fallthrough)
branch  1 taken 6%
       16:  463:        print_token();
call    0 returned 100%
      16*:  464:        if(paramTypeRef == NULL) return error("The procedure has no parameters");
branch  0 taken 0% (fallthrough)
branch  1 taken 100%
call    2 never executed
       16:  465:        if(!parse_expressions()) return ERROR;
call    0 returned 100%
branch  1 taken 19% (fallthrough)
branch  2 taken 81%
        -:  466:        // if(typeNoRef != TPPROC) return error("Specified identifier is not procedure");
       13:  467:        if(token != TRPAREN) return error("Symbol ')' is not found");
branch  0 taken 8% (fallthrough)
branch  1 taken 92%
call    2 returned 100%
       12:  468:        print_token();
call    0 returned 100%
        -:  469:    }
        -:  470:
       13:  471:    gen_call(procNameTemp);
call    0 returned 100%
       13:  472:    remove_symbol_tail();
call    0 returned 100%
       13:  473:    return NORMAL;
        -:  474:}
function parse_expressions called 16 returned 100% blocks executed 87%
       16:  475:int parse_expressions() {
        -:  476:    int label1, label2;
        -:  477:    /*
        -:  478:    式の並び がない場合や，仮引数部 がないという場合はそれぞれの数は 0とする
        -:  479:    */
       16:  480:    add_symbol(SEXPS);
call    0 returned 100%
       16:  481:    if(!parse_expression()) return ERROR;
call    0 returned 100%
branch  1 taken 6% (fallthrough)
branch  2 taken 94%
       15:  482:    if(isVariable) {
branch  0 taken 60% (fallthrough)
branch  1 taken 40%
        9:  483:        gen_code_3("PUSH", "0", "GR1", NULL);
call    0 returned 100%
        -:  484:    } else {
        6:  485:        label1 = get_label_num();
call    0 returned 100%
        6:  486:        label2 = get_label_num();
call    0 returned 100%
        6:  487:        gen_jump_label("JUMP", label2, NULL);
call    0 returned 100%
        6:  488:        gen_label(label1);
call    0 returned 100%
        6:  489:        gen_code_1("DC", "0");
call    0 returned 100%
        6:  490:        gen_label(label2);
call    0 returned 100%
        6:  491:        gen_code_3_label("ST", "GR1", label1, NULL);
call    0 returned 100%
        6:  492:        gen_code_1_label("PUSH", label1);
call    0 returned 100%
        -:  493:    }
       15:  494:    isVariable = 0;
        -:  495:    // 式と仮引数部の変数は順序で対応し，対応する式と変数は同じ標準型でなくてはならない
        -:  496:    // if(typeNoRef != localIdRootRef->type->typeNo) return error("Argument type mismatch");
      15*:  497:    if(typeNoRef != paramTypeRef->typeNo) return error("Argument type mismatch");
branch  0 taken 0% (fallthrough)
branch  1 taken 100%
call    2 never executed
       28:  498:    while(token == TCOMMA) {
branch  0 taken 50%
branch  1 taken 50% (fallthrough)
        -:  499:        // 式の数はその手続き名の宣言の仮引数部の変数の数と一致していなくてはならない
        -:  500:        /*
        -:  501:        if(localIdRootRef->nextp == NULL || localIdRootRef->nextp->isParam != 1) return error("Too many arguments");
        -:  502:        localIdRootRef = localIdRootRef->nextp;
        -:  503:        */
      14*:  504:        if(paramTypeRef->paramTypep == NULL) return error("Too many arguments");
branch  0 taken 0% (fallthrough)
branch  1 taken 100%
call    2 never executed
       14:  505:        paramTypeRef = paramTypeRef->paramTypep;
       14:  506:        print_token();
call    0 returned 100%
       14:  507:        if(!parse_expression()) return ERROR;
call    0 returned 100%
branch  1 taken 7% (fallthrough)
branch  2 taken 93%
       13:  508:        if(isVariable) {
branch  0 taken 54% (fallthrough)
branch  1 taken 46%
        7:  509:            gen_code_3("PUSH", "0", "GR1", NULL);
call    0 returned 100%
        -:  510:        } else {
        6:  511:            label1 = get_label_num();
call    0 returned 100%
        6:  512:            label2 = get_label_num();
call    0 returned 100%
        6:  513:            gen_jump_label("JUMP", label2, NULL);
call    0 returned 100%
        6:  514:            gen_label(label1);
call    0 returned 100%
        6:  515:            gen_code_1("DC", "0");
call    0 returned 100%
        6:  516:            gen_label(label2);
call    0 returned 100%
        6:  517:            gen_code_3_label("ST", "GR1", label1, NULL);
call    0 returned 100%
        6:  518:            gen_code_1_label("PUSH", label1);
call    0 returned 100%
        -:  519:        }
        -:  520:        // 式と仮引数部の変数は順序で対応し，対応する式と変数は同じ標準型でなくてはならない
      13*:  521:        if(typeNoRef != paramTypeRef->typeNo) return error("Argument type mismatch");
branch  0 taken 0% (fallthrough)
branch  1 taken 100%
call    2 never executed
        -:  522:    }
        -:  523:
        -:  524:    // 式の数はその手続き名の宣言の仮引数部の変数の数と一致していなくてはならない
       14:  525:    if(paramTypeRef->paramTypep != NULL) return error("Too few arguments");
branch  0 taken 7% (fallthrough)
branch  1 taken 93%
call    2 returned 100%
       13:  526:    remove_symbol_tail();
call    0 returned 100%
       13:  527:    return NORMAL;
        -:  528:}
function parse_return_statement called 80 returned 100% blocks executed 78%
       80:  529:int parse_return_statement() {
       80:  530:    add_symbol(SRETSTMT);
call    0 returned 100%
      80*:  531:    if(token != TRETURN) return error("Keyword 'return' is not found");
branch  0 taken 0% (fallthrough)
branch  1 taken 100%
call    2 never executed
       80:  532:    gen_ret();
call    0 returned 100%
       80:  533:    print_token();
call    0 returned 100%
        -:  534:
       80:  535:    remove_symbol_tail();
call    0 returned 100%
       80:  536:    return NORMAL;
        -:  537:}
function parse_assignment_statement called 542 returned 100% blocks executed 90%
      542:  538:int parse_assignment_statement() {
        -:  539:    int typeNoRefTemp;
      542:  540:    add_symbol(SASGSTMT);
call    0 returned 100%
      542:  541:    if(!parse_left_part()) return ERROR;
call    0 returned 100%
branch  1 taken 1% (fallthrough)
branch  2 taken 99%
      539:  542:    gen_code_3("PUSH", "0", "GR1", NULL);
call    0 returned 100%
      539:  543:    typeNoRefTemp = typeNoRef;
      539:  544:    if(token != TASSIGN) return error("Symbol ':=' is not found");
branch  0 taken 1% (fallthrough)
branch  1 taken 100%
call    2 returned 100%
      537:  545:    print_token();
call    0 returned 100%
      537:  546:    if(!parse_expression()) return ERROR;
call    0 returned 100%
branch  1 taken 2% (fallthrough)
branch  2 taken 98%
        -:  547:    // 左辺部と式の型は同じ型で標準型でなくてはならない
     525*:  548:    if(typeNoRefTemp != typeNoRef) return error("The left side and the expression must have the same standard type");
branch  0 taken 0% (fallthrough)
branch  1 taken 100%
call    2 never executed
      525:  549:    gen_code_1("POP", "GR2");
call    0 returned 100%
      525:  550:    gen_code_3("ST", "GR1", "0", "GR2");
call    0 returned 100%
        -:  551:
      525:  552:    remove_symbol_tail();
call    0 returned 100%
      525:  553:    return NORMAL;
        -:  554:}
function parse_left_part called 542 returned 100% blocks executed 100%
      542:  555:int parse_left_part() {
      542:  556:    add_symbol(SLEFTPART);
call    0 returned 100%
      542:  557:    if(!parse_variable()) return ERROR;
call    0 returned 100%
branch  1 taken 1% (fallthrough)
branch  2 taken 99%
        -:  558:
      539:  559:    remove_symbol_tail();
call    0 returned 100%
      539:  560:    return NORMAL;
        -:  561:}
function parse_variable called 1054 returned 100% blocks executed 95%
     1054:  562:int parse_variable() {
        -:  563:    struct ID *variableTemp;
        -:  564:    int arraySizeRefTemp;
        -:  565:    int arrayElemTypeNoRefTemp;
        -:  566:    char numBuf[6];
        -:  567:
     1054:  568:    if(find_symbol(SVAR)) arraySizeRef = 0;
call    0 returned 100%
branch  1 taken 3% (fallthrough)
branch  2 taken 97%
     1054:  569:    add_symbol(SVAR);
call    0 returned 100%
     1054:  570:    if(!parse_variable_name()) return ERROR;
call    0 returned 100%
branch  1 taken 1% (fallthrough)
branch  2 taken 100%
     1052:  571:    arraySizeRefTemp = arraySizeRef;
     1052:  572:    if((variableTemp = search_identifier(varNameRef, procNameRef)) == NULL) variableTemp = search_identifier(varNameRef, NULL);
call    0 returned 100%
branch  1 taken 81% (fallthrough)
branch  2 taken 19%
call    3 returned 100%
        -:  573:    // 式がついていないときの変数の型は変数名の型である
     1052:  574:    if(token == TLSQPAREN) {
branch  0 taken 14% (fallthrough)
branch  1 taken 86%
      144:  575:        add_symbol(SARRAYIDX);
call    0 returned 100%
        -:  576:        // 式がついているときの変数名の型はarray型
     144*:  577:        if(typeNoRef != TPARRAY) return error("The type of the variable must be array");
branch  0 taken 0% (fallthrough)
branch  1 taken 100%
call    2 never executed
      144:  578:        arrayElemTypeNoRefTemp = arrayElemTypeNoRef;
      144:  579:        print_token();
call    0 returned 100%
      144:  580:        if(!parse_expression()) return ERROR;
call    0 returned 100%
branch  1 taken 1% (fallthrough)
branch  2 taken 99%
        -:  581:        // 式の型はinteger型でなくてはならない
     142*:  582:        if(typeNoRef != TPINT) return error("Array index must be an integer");
branch  0 taken 0% (fallthrough)
branch  1 taken 100%
call    2 never executed
      142:  583:        if(token != TRSQPAREN) return error("Symbol ']' is not found");
branch  0 taken 1% (fallthrough)
branch  1 taken 99%
call    2 returned 100%
      141:  584:        print_token();
call    0 returned 100%
      141:  585:        remove_symbol_tail();
call    0 returned 100%
        -:  586:        // そのときの変数の型はarray 型の要素型である．
      141:  587:        typeNoRef = arrayElemTypeNoRefTemp;
      141:  588:        gen_code_3("CPA", "GR1", "GR0", NULL);
call    0 returned 100%
      141:  589:        gen_jump("JMI", "EROV", NULL);
call    0 returned 100%
      141:  590:        snprintf(numBuf, 6, "%d", arraySizeRefTemp-1);
      141:  591:        gen_code_3("LAD", "GR2", numBuf, NULL);
call    0 returned 100%
      141:  592:        gen_code_3("CPA", "GR1", "GR2", NULL);
call    0 returned 100%
      141:  593:        gen_jump("JPL", "EROV", NULL);
call    0 returned 100%
      141:  594:        if((find_symbol(SLEFTPART) || find_symbol(SCALLSTMT) || find_symbol(SINSTMT)) && !find_symbol(SARRAYIDX)) {
call    0 returned 100%
branch  1 taken 20% (fallthrough)
branch  2 taken 80%
call    3 returned 100%
branch  4 taken 100% (fallthrough)
branch  5 taken 0%
call    6 returned 100%
branch  7 taken 0% (fallthrough)
branch  8 taken 100%
call    9 returned 100%
branch 10 taken 100% (fallthrough)
branch 11 taken 0%
      113:  595:            gen_code_3_variable("LAD", "GR1", variableTemp->name, variableTemp->procName, 0, "GR1");
call    0 returned 100%
        -:  596:        } else {
       28:  597:            gen_code_3_variable("LD", "GR1", variableTemp->name, variableTemp->procName, 0, "GR1");
call    0 returned 100%
        -:  598:        }
        -:  599:    } else {
      908:  600:        if(variableTemp->isParam) {
branch  0 taken 13% (fallthrough)
branch  1 taken 87%
      122:  601:            gen_code_3_variable("LD", "GR1", variableTemp->name, variableTemp->procName, 1, NULL);
call    0 returned 100%
      122:  602:            if(!(find_symbol(SLEFTPART) || find_symbol(SCALLSTMT) || find_symbol(SINSTMT))) gen_code_3("LD", "GR1", "0", "GR1");
call    0 returned 100%
branch  1 taken 100% (fallthrough)
branch  2 taken 0%
call    3 returned 100%
branch  4 taken 100% (fallthrough)
branch  5 taken 0%
call    6 returned 100%
branch  7 taken 100% (fallthrough)
branch  8 taken 0%
call    9 returned 100%
        -:  603:        } else {
      786:  604:            if((find_symbol(SLEFTPART) || find_symbol(SCALLSTMT) || find_symbol(SINSTMT)) && !find_symbol(SARRAYIDX)) {
call    0 returned 100%
branch  1 taken 42% (fallthrough)
branch  2 taken 58%
call    3 returned 100%
branch  4 taken 93% (fallthrough)
branch  5 taken 7%
call    6 returned 100%
branch  7 taken 2% (fallthrough)
branch  8 taken 98%
call    9 returned 100%
branch 10 taken 94% (fallthrough)
branch 11 taken 6%
      453:  605:                gen_code_3_variable("LAD", "GR1", variableTemp->name, variableTemp->procName, 0, NULL);
call    0 returned 100%
      453:  606:                if(token == TPLUS || token == TMINUS || token == TSTAR || token == TDIV || token == TAND || token == TOR) {
branch  0 taken 99% (fallthrough)
branch  1 taken 1%
branch  2 taken 100% (fallthrough)
branch  3 taken 0%
branch  4 taken 100% (fallthrough)
branch  5 taken 0%
branch  6 taken 100% (fallthrough)
branch  7 taken 0%
branch  8 taken 100% (fallthrough)
branch  9 taken 0%
branch 10 taken 0% (fallthrough)
branch 11 taken 100%
        6:  607:                    gen_code_3("LD", "GR1", "0", "GR1");
call    0 returned 100%
        -:  608:                }
        -:  609:            } else {
      333:  610:                gen_code_3_variable("LD", "GR1", variableTemp->name, variableTemp->procName, 0, NULL);
call    0 returned 100%
        -:  611:            }
        -:  612:        }
        -:  613:    }
        -:  614:
     1049:  615:    remove_symbol_tail();
call    0 returned 100%
     1049:  616:    return NORMAL;
        -:  617:}
function parse_expression called 1102 returned 100% blocks executed 87%
     1102:  618:int parse_expression() {
        -:  619:    int typeNoRefTemp;
        -:  620:    int operatorTokenTemp;
        -:  621:    int label1, label2;
     1102:  622:    add_symbol(SEXP);
call    0 returned 100%
     1102:  623:    if(!parse_simple_expression()) return ERROR;
call    0 returned 100%
branch  1 taken 2% (fallthrough)
branch  2 taken 98%
        -:  624:    // 一つの単純式だけの式の型はその単純式の型である
     1228:  625:    while(token == TEQUAL || token == TNOTEQ || token == TLE || token == TLEEQ || token == TGR || token == TGREQ) {
branch  0 taken 5%
branch  1 taken 95% (fallthrough)
branch  2 taken 1%
branch  3 taken 99% (fallthrough)
branch  4 taken 3%
branch  5 taken 97% (fallthrough)
branch  6 taken 1%
branch  7 taken 99% (fallthrough)
branch  8 taken 1%
branch  9 taken 99% (fallthrough)
branch 10 taken 1%
branch 11 taken 99% (fallthrough)
      148:  626:        operatorTokenTemp = token;
      148:  627:        gen_code_3("PUSH", "0", "GR1", NULL);
call    0 returned 100%
     148*:  628:        if(!(typeNoRef == TPINT || typeNoRef == TPBOOL || typeNoRef == TPCHAR)) return error("The expression type must be one of standard types");
branch  0 taken 0% (fallthrough)
branch  1 taken 100%
branch  2 never executed (fallthrough)
branch  3 never executed
branch  4 never executed (fallthrough)
branch  5 never executed
call    6 never executed
      148:  629:        typeNoRefTemp = typeNoRef;
     148*:  630:        if(!parse_relational_operator()) return ERROR;
call    0 returned 100%
branch  1 taken 0% (fallthrough)
branch  2 taken 100%
      148:  631:        if(!parse_simple_expression()) return ERROR;
call    0 returned 100%
branch  1 taken 1% (fallthrough)
branch  2 taken 99%
        -:  632:        // 関係演算子：関係演算子の被演算子の型は同じ標準型でなくてはならない
     147*:  633:        if(typeNoRefTemp != typeNoRef) return error("Operands of a relational operator must have the same standard type");
branch  0 taken 0% (fallthrough)
branch  1 taken 100%
call    2 never executed
        -:  634:        // 関係演算子：結果の型はboolean型である
      147:  635:        typeNoRef = TPBOOL;
      147:  636:        gen_code_1("POP", "GR2");
call    0 returned 100%
      147:  637:        gen_code_3("CPA", "GR2", "GR1", NULL);
call    0 returned 100%
      147:  638:        label1 = get_label_num();
call    0 returned 100%
      147:  639:        switch(operatorTokenTemp) {
branch  0 taken 41%
branch  1 taken 8%
branch  2 taken 26%
branch  3 taken 8%
branch  4 taken 8%
branch  5 taken 8%
branch  6 taken 0%
       61:  640:            case TEQUAL:
       61:  641:                gen_jump_label("JZE", label1, NULL);
call    0 returned 100%
       61:  642:                break;
       12:  643:            case TNOTEQ:
       12:  644:                gen_jump_label("JNZ", label1, NULL);
call    0 returned 100%
       12:  645:                break;
       38:  646:            case TLE:
       38:  647:                gen_jump_label("JMI", label1, NULL);
call    0 returned 100%
       38:  648:                break;
       12:  649:            case TLEEQ:
       12:  650:                gen_jump_label("JMI", label1, NULL);
call    0 returned 100%
       12:  651:                gen_jump_label("JZE", label1, NULL);
call    0 returned 100%
       12:  652:                break;
       12:  653:            case TGR:
       12:  654:                gen_jump_label("JPL", label1, NULL);
call    0 returned 100%
       12:  655:                break;
       12:  656:            case TGREQ:
       12:  657:                gen_jump_label("JPL", label1, NULL);
call    0 returned 100%
       12:  658:                gen_jump_label("JZE", label1, NULL);
call    0 returned 100%
       12:  659:                break;
        -:  660:        }
        -:  661:        
      147:  662:        gen_code_3("LAD", "GR1", "0", NULL);
call    0 returned 100%
      147:  663:        label2 = get_label_num();
call    0 returned 100%
      147:  664:        gen_jump_label("JUMP", label2, NULL);
call    0 returned 100%
      147:  665:        gen_label(label1);
call    0 returned 100%
      147:  666:        gen_code_3("LAD", "GR1", "1", NULL);
call    0 returned 100%
      147:  667:        gen_label(label2);
call    0 returned 100%
        -:  668:    }
        -:  669:
     1080:  670:    remove_symbol_tail();
call    0 returned 100%
     1080:  671:    return NORMAL;
        -:  672:}
function parse_simple_expression called 1250 returned 100% blocks executed 87%
     1250:  673:int parse_simple_expression() {
        -:  674:    int operatorNoRefTemp;
     1250:  675:    add_symbol(SSIMPLEEXP);
call    0 returned 100%
     1250:  676:    if(token == TPLUS || token == TMINUS) {
branch  0 taken 100% (fallthrough)
branch  1 taken 0%
branch  2 taken 2% (fallthrough)
branch  3 taken 98%
       25:  677:        if(token == TMINUS && find_symbol(SVAR) && typeNoRef == TPARRAY) {
branch  0 taken 100% (fallthrough)
branch  1 taken 0%
call    2 returned 100%
branch  3 taken 4% (fallthrough)
branch  4 taken 96%
branch  5 taken 100% (fallthrough)
branch  6 taken 0%
        1:  678:            return error("Array index must not be negative");
call    0 returned 100%
        -:  679:        }
       24:  680:        operatorNoRefTemp = token == TPLUS ? OPLUS : OMINUS;
       24:  681:        print_token();
call    0 returned 100%
        -:  682:    }
     1249:  683:    if(!parse_term()) return ERROR;
call    0 returned 100%
branch  1 taken 1% (fallthrough)
branch  2 taken 99%
        -:  684:    // "+"か"-"があるとき左の項の型はinteger型でなくてはならない
        -:  685:    // 加法演算子："+"と"-"の被演算子の型はinteger 型でなくてはならない．
    1232*:  686:    if((operatorNoRefTemp == OPLUS || operatorNoRefTemp == OMINUS) && typeNoRef != TPINT) return error("The type of the operand must be integer");
branch  0 taken 100% (fallthrough)
branch  1 taken 0%
branch  2 taken 2% (fallthrough)
branch  3 taken 98%
branch  4 taken 0% (fallthrough)
branch  5 taken 100%
call    6 never executed
     1232:  687:    if(operatorNoRefTemp == OMINUS) {
branch  0 taken 2% (fallthrough)
branch  1 taken 98%
       23:  688:        gen_code_3("LAD", "GR2", "65535", NULL);
call    0 returned 100%
       23:  689:        gen_code_3("XOR", "GR1", "GR2", NULL);
call    0 returned 100%
       23:  690:        gen_code_3("LAD", "GR2", "1", NULL);
call    0 returned 100%
       23:  691:        gen_code_3("ADDA", "GR1", "GR2", NULL);
call    0 returned 100%
        -:  692:    }
        -:  693:    // 加法演算子：結果の型はinteger型である
        -:  694:    // 一つの項だけの単純式の型はその項の型である
     1390:  695:    while(token == TPLUS || token == TMINUS || token == TOR) {
branch  0 taken 4%
branch  1 taken 96% (fallthrough)
branch  2 taken 5%
branch  3 taken 95% (fallthrough)
branch  4 taken 3%
branch  5 taken 97% (fallthrough)
      162:  696:        gen_code_3("PUSH", "0", "GR1", NULL);
call    0 returned 100%
     162*:  697:        if(!parse_additive_operator()) return ERROR;
call    0 returned 100%
branch  1 taken 0% (fallthrough)
branch  2 taken 100%
      162:  698:        operatorNoRefTemp = operatorNoRef;
      162:  699:        if(!parse_term()) return ERROR;
call    0 returned 100%
branch  1 taken 2% (fallthrough)
branch  2 taken 98%
      158:  700:        gen_code_1("POP", "GR2");
call    0 returned 100%
      158:  701:        if(operatorNoRefTemp == OPLUS || operatorNoRefTemp == OMINUS) {
branch  0 taken 61% (fallthrough)
branch  1 taken 39%
branch  2 taken 68% (fallthrough)
branch  3 taken 32%
        -:  702:            // 加法演算子："+"と"-"の被演算子の型はinteger 型でなくてはならない．
     127*:  703:            if(typeNoRef != TPINT) return error("The type of the operand must be integer");
branch  0 taken 0% (fallthrough)
branch  1 taken 100%
call    2 never executed
      127:  704:            if(operatorNoRefTemp == OPLUS) {
branch  0 taken 48% (fallthrough)
branch  1 taken 52%
       61:  705:                gen_code_3("ADDA", "GR1", "GR2", NULL);
call    0 returned 100%
        -:  706:            } else {
       66:  707:                gen_code_3("SUBA", "GR2", "GR1", NULL);
call    0 returned 100%
        -:  708:            }
      127:  709:            gen_jump("JOV", "EOVF", NULL);
call    0 returned 100%
      127:  710:            if(operatorNoRefTemp == OMINUS) gen_code_3("LD", "GR1", "GR2", NULL);
branch  0 taken 52% (fallthrough)
branch  1 taken 48%
call    2 returned 100%
        -:  711:            // 加法演算子：結果の型はinteger型である
        -:  712:        } else {
        -:  713:            // 加法演算子："or"の被演算子の型はboolean 型でなくてはならない．
      31*:  714:            if(typeNoRef != TPBOOL) return error("The type of the operand must be boolean");
branch  0 taken 0% (fallthrough)
branch  1 taken 100%
call    2 never executed
       31:  715:            gen_code_3("OR", "GR1", "GR2", NULL);
call    0 returned 100%
        -:  716:            // 加法演算子：結果の型はboolean型である
        -:  717:        }
        -:  718:    }
        -:  719:
     1228:  720:    remove_symbol_tail();
call    0 returned 100%
     1228:  721:    return NORMAL;
        -:  722:}
function parse_term called 1411 returned 100% blocks executed 87%
     1411:  723:int parse_term() {
        -:  724:    int operatorNoRefTemp;
        -:  725:    int label;
     1411:  726:    add_symbol(STERM);
call    0 returned 100%
     1411:  727:    if(!parse_factor()) return ERROR;
call    0 returned 100%
branch  1 taken 1% (fallthrough)
branch  2 taken 99%
        -:  728:    // 一つの因子だけの項の型はその因子の型である
     1495:  729:    while(token == TSTAR || token == TDIV || token == TAND) {
branch  0 taken 3%
branch  1 taken 97% (fallthrough)
branch  2 taken 2%
branch  3 taken 98% (fallthrough)
branch  4 taken 2%
branch  5 taken 98% (fallthrough)
      105:  730:        gen_code_3("PUSH", "0", "GR1", NULL);
call    0 returned 100%
     105*:  731:        if(!parse_multiplicative_operator()) return ERROR;
call    0 returned 100%
branch  1 taken 0% (fallthrough)
branch  2 taken 100%
      105:  732:        operatorNoRefTemp = operatorNoRef;
      105:  733:        if(!parse_factor()) return ERROR;
call    0 returned 100%
branch  1 taken 3% (fallthrough)
branch  2 taken 97%
      102:  734:        gen_code_1("POP", "GR2");
call    0 returned 100%
      102:  735:        if(operatorNoRefTemp == OSTAR || operatorNoRefTemp == ODIV) {
branch  0 taken 64% (fallthrough)
branch  1 taken 36%
branch  2 taken 52% (fallthrough)
branch  3 taken 48%
        -:  736:            // 乗法演算子："*"と"div"の被演算子の型はinteger 型でなくてはならない
      71*:  737:            if(typeNoRef != TPINT) return error("The type of the right operand must be integer");
branch  0 taken 0% (fallthrough)
branch  1 taken 100%
call    2 never executed
       71:  738:            if(operatorNoRefTemp == OSTAR) {
branch  0 taken 52% (fallthrough)
branch  1 taken 48%
       37:  739:                gen_code_3("MULA", "GR1", "GR2", NULL);
call    0 returned 100%
       37:  740:                gen_jump("JOV", "EOVF", NULL);
call    0 returned 100%
        -:  741:            } else {
       34:  742:                gen_code_3("DIVA", "GR2", "GR1", NULL);
call    0 returned 100%
        -:  743:                // オーバーフロー: OF=1
        -:  744:                // ゼロ除算: OF=ZF=1
        -:  745:                // その他: OF=0 SF, ZFは結果による
       34:  746:                label = get_label_num();
call    0 returned 100%
       34:  747:                gen_jump_label("JZE", label, NULL);
call    0 returned 100%
       34:  748:                gen_jump("JOV", "EROV", NULL);
call    0 returned 100%
       34:  749:                gen_label(label);
call    0 returned 100%
       34:  750:                gen_jump("JOV", "E0DIV", NULL);
call    0 returned 100%
       34:  751:                gen_code_3("LD", "GR1", "GR2", NULL);
call    0 returned 100%
        -:  752:            }
        -:  753:            // 乗法演算子：結果の型はinteger型である
        -:  754:        } else {
        -:  755:            // 乗法演算子："and"の被演算子の型はboolean 型でなくてはならない
      31*:  756:            if(typeNoRef != TPBOOL) return error("The type of the right operand must be boolean");
branch  0 taken 0% (fallthrough)
branch  1 taken 100%
call    2 never executed
       31:  757:            gen_code_3("AND", "GR1", "GR2", NULL);
call    0 returned 100%
        -:  758:            // 乗法演算子：結果の型はboolean型である
        -:  759:        }
        -:  760:    }
        -:  761:
     1390:  762:    remove_symbol_tail();
call    0 returned 100%
     1390:  763:    return NORMAL;
        -:  764:}
function parse_factor called 1550 returned 100% blocks executed 89%
     1550:  765:int parse_factor() {
        -:  766:    int typeNoRefTemp;
        -:  767:    int label1, label2;
     1550:  768:    add_symbol(SFACTOR);
call    0 returned 100%
     1550:  769:    isVariable = 0;
     1550:  770:    if(token == TNAME) {
branch  0 taken 33% (fallthrough)
branch  1 taken 67%
     505*:  771:        if(!parse_variable()) return ERROR;
call    0 returned 100%
branch  1 taken 0% (fallthrough)
branch  2 taken 100%
      505:  772:        if(find_symbol(SCALLSTMT)) isVariable = 1;
call    0 returned 100%
branch  1 taken 4% (fallthrough)
branch  2 taken 96%
        -:  773:        // 変数や定数のとき，結果の因子の型はそれぞれの型である
     1045:  774:    } else if(token == TNUMBER || token == TFALSE || token == TTRUE || token == TSTRING) {
branch  0 taken 46% (fallthrough)
branch  1 taken 54%
branch  2 taken 72% (fallthrough)
branch  3 taken 28%
branch  4 taken 64% (fallthrough)
branch  5 taken 36%
branch  6 taken 31% (fallthrough)
branch  7 taken 69%
     895*:  775:        if(!parse_constant()) return ERROR;
call    0 returned 100%
branch  1 taken 0% (fallthrough)
branch  2 taken 100%
        -:  776:        // 変数や定数のとき，結果の因子の型はそれぞれの型である
      150:  777:    } else if(token == TLPAREN) {
branch  0 taken 35% (fallthrough)
branch  1 taken 65%
       52:  778:        print_token();
call    0 returned 100%
       52:  779:        if(!parse_expression()) return ERROR;
call    0 returned 100%
branch  1 taken 2% (fallthrough)
branch  2 taken 98%
        -:  780:        // "(" 式 ")"のとき，結果の因子の型は式の型である
       51:  781:        if(token != TRPAREN) return error("Symbol ')' is not found");
branch  0 taken 2% (fallthrough)
branch  1 taken 98%
call    2 returned 100%
       50:  782:        print_token();
call    0 returned 100%
       98:  783:    } else if(token == TNOT) {
branch  0 taken 35% (fallthrough)
branch  1 taken 65%
       34:  784:        print_token();
call    0 returned 100%
       34:  785:        if(!parse_factor()) return ERROR;
call    0 returned 100%
branch  1 taken 3% (fallthrough)
branch  2 taken 97%
        -:  786:        // "not"の被演算子の型はboolean型でなくてはならない
      33*:  787:        if(typeNoRef != TPBOOL) return error("The type of the operand must be boolean");
branch  0 taken 0% (fallthrough)
branch  1 taken 100%
call    2 never executed
        -:  788:        // 結果の因子の型はboolean 型である
       33:  789:        gen_code_3("LAD", "GR2", "1", NULL);
call    0 returned 100%
       33:  790:        gen_code_3("XOR", "GR1", "GR2", NULL);
call    0 returned 100%
       64:  791:    } else if(token == TINTEGER || token == TBOOLEAN || token == TCHAR) {
branch  0 taken 75% (fallthrough)
branch  1 taken 25%
branch  2 taken 69% (fallthrough)
branch  3 taken 31%
branch  4 taken 45% (fallthrough)
branch  5 taken 55%
      46*:  792:        if(!parse_standard_type()) return ERROR;
call    0 returned 100%
branch  1 taken 0% (fallthrough)
branch  2 taken 100%
       46:  793:        typeNoRefTemp = typeNoRef;
      46*:  794:        if(token != TLPAREN) return error("Symbol '(' is not found");
branch  0 taken 0% (fallthrough)
branch  1 taken 100%
call    2 never executed
       46:  795:        print_token();
call    0 returned 100%
       46:  796:        if(!parse_expression()) return ERROR;
call    0 returned 100%
branch  1 taken 2% (fallthrough)
branch  2 taken 98%
        -:  797:        // 標準型 "(" 式 ")"の式の型は標準型でなくてはならない
      45*:  798:        if(!(typeNoRef == TPINT || typeNoRef == TPBOOL || typeNoRef == TPCHAR)) return error("The type of the operand must be one of standard types");
branch  0 taken 67% (fallthrough)
branch  1 taken 33%
branch  2 taken 50% (fallthrough)
branch  3 taken 50%
branch  4 taken 0% (fallthrough)
branch  5 taken 100%
call    6 never executed
      45*:  799:        if(token != TRPAREN) return error("Symbol ')' is not found");
branch  0 taken 0% (fallthrough)
branch  1 taken 100%
call    2 never executed
       45:  800:        print_token();
call    0 returned 100%
        -:  801:        // 標準型 "(" 式 ")"のとき，結果の因子の型はその標準型である．
       45:  802:        if(typeNoRef == TPINT) {
branch  0 taken 33% (fallthrough)
branch  1 taken 67%
       15:  803:            if(typeNoRefTemp == TPBOOL) {
branch  0 taken 33% (fallthrough)
branch  1 taken 67%
        5:  804:                gen_code_3("CPA", "GR1", "GR0", NULL);
call    0 returned 100%
        5:  805:                label1 = get_label_num();
call    0 returned 100%
        5:  806:                gen_jump_label("JZE", label1, NULL);
call    0 returned 100%
        5:  807:                gen_code_3("LAD", "GR1", "1", NULL);
call    0 returned 100%
        5:  808:                label2 = get_label_num();
call    0 returned 100%
        5:  809:                gen_jump_label("JUMP", label2, NULL);
call    0 returned 100%
        5:  810:                gen_label(label1);
call    0 returned 100%
        5:  811:                gen_code_3("LAD", "GR1", "0", NULL);
call    0 returned 100%
        5:  812:                gen_label(label2);
call    0 returned 100%
       10:  813:            } else if(typeNoRefTemp == TPCHAR) {
branch  0 taken 50% (fallthrough)
branch  1 taken 50%
        5:  814:                gen_code_3("LAD", "GR2", "255", NULL);
call    0 returned 100%
        5:  815:                gen_code_3("AND", "GR1", "GR2", NULL);
call    0 returned 100%
        -:  816:            }
       30:  817:        } else if(typeNoRef == TPBOOL) {
branch  0 taken 50% (fallthrough)
branch  1 taken 50%
       15:  818:            if(typeNoRefTemp == TPCHAR) {
branch  0 taken 33% (fallthrough)
branch  1 taken 67%
        5:  819:                gen_code_3("CPA", "GR1", "GR0", NULL);
call    0 returned 100%
        5:  820:                label1 = get_label_num();
call    0 returned 100%
        5:  821:                gen_jump_label("JZE", label1, NULL);
call    0 returned 100%
        5:  822:                gen_code_3("LAD", "GR1", "1", NULL);
call    0 returned 100%
        5:  823:                label2 = get_label_num();
call    0 returned 100%
        5:  824:                gen_jump_label("JUMP", label2, NULL);
call    0 returned 100%
        5:  825:                gen_label(label1);
call    0 returned 100%
        5:  826:                gen_code_3("LAD", "GR1", "0", NULL);
call    0 returned 100%
        5:  827:                gen_label(label2);
call    0 returned 100%
        -:  828:            }
       15:  829:        } else if(typeNoRef == TPCHAR) {
branch  0 taken 100% (fallthrough)
branch  1 taken 0%
       15:  830:            if(typeNoRefTemp == TPBOOL) {
branch  0 taken 33% (fallthrough)
branch  1 taken 67%
        5:  831:                gen_code_3("CPA", "GR1", "GR0", NULL);
call    0 returned 100%
        5:  832:                label1 = get_label_num();
call    0 returned 100%
        5:  833:                gen_jump_label("JZE", label1, NULL);
call    0 returned 100%
        5:  834:                gen_code_3("LAD", "GR1", "1", NULL);
call    0 returned 100%
        5:  835:                label2 = get_label_num();
call    0 returned 100%
        5:  836:                gen_jump_label("JUMP", label2, NULL);
call    0 returned 100%
        5:  837:                gen_label(label1);
call    0 returned 100%
        5:  838:                gen_code_3("LAD", "GR1", "0", NULL);
call    0 returned 100%
        5:  839:                gen_label(label2);
call    0 returned 100%
        -:  840:            }
        -:  841:        }
       45:  842:        typeNoRef = typeNoRefTemp;
        -:  843:    } else {
       18:  844:        return error("Factor is not found");
call    0 returned 100%
        -:  845:    }
        -:  846:
     1528:  847:    remove_symbol_tail();
call    0 returned 100%
     1528:  848:    return NORMAL;
        -:  849:}
function parse_constant called 895 returned 100% blocks executed 89%
      895:  850:int parse_constant() {
        -:  851:    char numBuf[6];
      895:  852:    add_symbol(SCONST);
call    0 returned 100%
      895:  853:    switch(token) {
branch  0 taken 63%
branch  1 taken 15%
branch  2 taken 14%
branch  3 taken 8%
branch  4 taken 0%
      567:  854:        case TNUMBER:
        -:  855:            // "符号なし整数"のとき、定数の型はinteger型
      567:  856:            snprintf(numBuf, 6, "%d", num_attr);
      567:  857:            gen_code_3("LAD", "GR1", numBuf, NULL);
call    0 returned 100%
      567:  858:            typeNoRef = TPINT;
      567:  859:            break;
      135:  860:        case TFALSE:
        -:  861:            // "false"と"true"のときはboolean 型である
      135:  862:            gen_code_3("LAD", "GR1", "0", NULL);
call    0 returned 100%
      135:  863:            typeNoRef = TPBOOL;
      135:  864:            break;
      125:  865:        case TTRUE:
        -:  866:            // "false"と"true"のときはboolean 型である
      125:  867:            gen_code_3("LAD", "GR1", "1", NULL);
call    0 returned 100%
      125:  868:            typeNoRef = TPBOOL;
      125:  869:            break;
       68:  870:        case TSTRING:
        -:  871:            // 文字列は長さが 1でなくてはならず
      68*:  872:            if(slen != 1) return error("The length of string must be 1");
branch  0 taken 0% (fallthrough)
branch  1 taken 100%
call    2 never executed
        -:  873:            // そのときの定数の型はchar 型である
       68:  874:            gen_code_3_string("LD", "GR1", string_attr, NULL);
call    0 returned 100%
       68:  875:            typeNoRef = TPCHAR;
       68:  876:            break;
        -:  877:    }
      895:  878:    print_token();
call    0 returned 100%
        -:  879:
      895:  880:    remove_symbol_tail();
call    0 returned 100%
      895:  881:    return NORMAL;
        -:  882:}
function parse_multiplicative_operator called 105 returned 100% blocks executed 76%
      105:  883:int parse_multiplicative_operator() {
      105:  884:    add_symbol(SMLTOPR);
call    0 returned 100%
      105:  885:    switch(token) {
branch  0 taken 70%
branch  1 taken 30%
branch  2 taken 0%
       73:  886:        case TSTAR:
        -:  887:        case TDIV:
        -:  888:            // "*"と"div"の被演算子の型はinteger 型でなくてはならない
      73*:  889:            if(typeNoRef != TPINT) return error("The type of the operand must be integer");
branch  0 taken 0% (fallthrough)
branch  1 taken 100%
call    2 never executed
       73:  890:            operatorNoRef = token == TSTAR ? OSTAR : ODIV;
branch  0 taken 52% (fallthrough)
branch  1 taken 48%
       73:  891:            break;
       32:  892:        case TAND:
        -:  893:            // "and"の被演算子の型はboolean 型でなくてはならない
      32*:  894:            if(typeNoRef != TPBOOL) return error("The type of the operand must be boolean");
branch  0 taken 0% (fallthrough)
branch  1 taken 100%
call    2 never executed
       32:  895:            operatorNoRef = OAND;
       32:  896:            break;
        -:  897:    }
      105:  898:    print_token();
call    0 returned 100%
        -:  899:    
      105:  900:    remove_symbol_tail();
call    0 returned 100%
      105:  901:    return NORMAL;
        -:  902:}
function parse_additive_operator called 162 returned 100% blocks executed 71%
      162:  903:int parse_additive_operator() {
      162:  904:    add_symbol(SADDOPR);
call    0 returned 100%
      162:  905:    switch(token) {
branch  0 taken 80%
branch  1 taken 20%
branch  2 taken 0%
      129:  906:        case TPLUS:
        -:  907:        case TMINUS:
        -:  908:            // "+"と"-"の被演算子の型はinteger 型でなくてはならない
     129*:  909:            if(typeNoRef != TPINT) return error("The type of the operand must be integer");
branch  0 taken 0% (fallthrough)
branch  1 taken 100%
call    2 never executed
      129:  910:            operatorNoRef = token == TPLUS ? OPLUS : OMINUS;
      129:  911:            break;
       33:  912:        case TOR:
        -:  913:            // "or"の被演算子の型はboolean 型でなくてはならない
      33*:  914:            if(typeNoRef != TPBOOL) return error("The type of the operand must be boolean");
branch  0 taken 0% (fallthrough)
branch  1 taken 100%
call    2 never executed
       33:  915:            operatorNoRef = OOR;
       33:  916:            break;
        -:  917:    }
      162:  918:    print_token();
call    0 returned 100%
        -:  919:
      162:  920:    remove_symbol_tail();
call    0 returned 100%
      162:  921:    return NORMAL;
        -:  922:}
function parse_relational_operator called 148 returned 100% blocks executed 85%
      148:  923:int parse_relational_operator() {
      148:  924:    add_symbol(SRELOPR);
call    0 returned 100%
     148*:  925:    if(!(token == TEQUAL || token == TNOTEQ || token == TLE || token == TLEEQ || token == TGR || token == TGREQ)) return error("Operator is not found");
branch  0 taken 58% (fallthrough)
branch  1 taken 42%
branch  2 taken 86% (fallthrough)
branch  3 taken 14%
branch  4 taken 49% (fallthrough)
branch  5 taken 51%
branch  6 taken 67% (fallthrough)
branch  7 taken 33%
branch  8 taken 50% (fallthrough)
branch  9 taken 50%
branch 10 taken 0% (fallthrough)
branch 11 taken 100%
call   12 never executed
      148:  926:    print_token();
call    0 returned 100%
        -:  927:
      148:  928:    remove_symbol_tail();
call    0 returned 100%
      148:  929:    return NORMAL;
        -:  930:}
function parse_input_statement called 6 returned 100% blocks executed 93%
        6:  931:int parse_input_statement() {
        6:  932:    int isLn = 0;
        6:  933:    add_symbol(SINSTMT);
call    0 returned 100%
       6*:  934:    if(!(token == TREAD || token == TREADLN)) return error("Keyword 'read' or 'readln' is not found");
branch  0 taken 100% (fallthrough)
branch  1 taken 0%
branch  2 taken 0% (fallthrough)
branch  3 taken 100%
call    4 never executed
        6:  935:    isLn = token == TREADLN ? 1 : 0;
        6:  936:    print_token();
call    0 returned 100%
        6:  937:    if(token == TLPAREN) {
branch  0 taken 83% (fallthrough)
branch  1 taken 17%
        -:  938:        do {
        7:  939:            print_token();
call    0 returned 100%
        7:  940:            if(!parse_variable()) return ERROR;
call    0 returned 100%
branch  1 taken 29% (fallthrough)
branch  2 taken 71%
        5:  941:            if(typeNoRef == TPINT) {
branch  0 taken 60% (fallthrough)
branch  1 taken 40%
        3:  942:                gen_jump("CALL", "READINT", NULL);
call    0 returned 100%
        2:  943:            } else if(typeNoRef == TPCHAR) {
branch  0 taken 50% (fallthrough)
branch  1 taken 50%
        1:  944:                gen_jump("CALL", "READCHAR", NULL);
call    0 returned 100%
        -:  945:            } else {
        1:  946:                return error("Argument types must be integer or character");
call    0 returned 100%
        -:  947:            }
        4:  948:        } while(token == TCOMMA);
branch  0 taken 50%
branch  1 taken 50% (fallthrough)
        2:  949:        if(token != TRPAREN) return error("Symbol ')' is not found");
branch  0 taken 50% (fallthrough)
branch  1 taken 50%
call    2 returned 100%
        1:  950:        print_token();
call    0 returned 100%
        1:  951:        if(isLn) gen_jump("CALL", "READLINE", NULL);
branch  0 taken 100% (fallthrough)
branch  1 taken 0%
call    2 returned 100%
        -:  952:    }
        -:  953:
        2:  954:    remove_symbol_tail();
call    0 returned 100%
        2:  955:    return NORMAL;
        -:  956:}
function parse_output_statement called 45 returned 98% blocks executed 92%
       45:  957:int parse_output_statement() {
       45:  958:    int isLn = 0;
       45:  959:    add_symbol(SOUTSTMT);
call    0 returned 100%
      45*:  960:    if(!(token == TWRITE || token == TWRITELN)) return error("Keyword 'write' or 'writeln' is not found");
branch  0 taken 100% (fallthrough)
branch  1 taken 0%
branch  2 taken 0% (fallthrough)
branch  3 taken 100%
call    4 never executed
       45:  961:    isLn = token == TWRITELN ? 1 : 0;
       45:  962:    print_token();
call    0 returned 100%
       45:  963:    if(token == TLPAREN) {
branch  0 taken 98% (fallthrough)
branch  1 taken 2%
       44:  964:        print_token();
call    0 returned 98%
       43:  965:        if(!parse_output_format()) return ERROR;
call    0 returned 100%
branch  1 taken 5% (fallthrough)
branch  2 taken 95%
      153:  966:        while(token == TCOMMA) {
branch  0 taken 74%
branch  1 taken 26% (fallthrough)
      113:  967:            print_token();
call    0 returned 100%
      113:  968:            if(!parse_output_format()) return ERROR;
call    0 returned 100%
branch  1 taken 1% (fallthrough)
branch  2 taken 99%
        -:  969:        }
       40:  970:        if(token != TRPAREN) return error("Symbol ')' is not found");
branch  0 taken 2% (fallthrough)
branch  1 taken 98%
call    2 returned 100%
       39:  971:        print_token();
call    0 returned 100%
        -:  972:    }
       40:  973:    if(isLn) gen_jump("CALL", "WRITELINE", NULL);
branch  0 taken 100% (fallthrough)
branch  1 taken 0%
call    2 returned 100%
        -:  974:
       40:  975:    remove_symbol_tail();
call    0 returned 100%
       40:  976:    return NORMAL;
        -:  977:}
function parse_output_format called 156 returned 100% blocks executed 94%
      156:  978:int parse_output_format() {
        -:  979:    char numBuf[6];
      156:  980:    add_symbol(SOUTFORMAT);
call    0 returned 100%
      156:  981:    if(token == TPLUS || token == TMINUS || token == TNAME || token == TNUMBER || token == TFALSE || token == TTRUE || (token == TSTRING && slen == 1) || token == TLPAREN || token == TNOT || token == TINTEGER || token == TBOOLEAN || token == TCHAR) {
branch  0 taken 100% (fallthrough)
branch  1 taken 0%
branch  2 taken 100% (fallthrough)
branch  3 taken 0%
branch  4 taken 27% (fallthrough)
branch  5 taken 73%
branch  6 taken 100% (fallthrough)
branch  7 taken 0%
branch  8 taken 100% (fallthrough)
branch  9 taken 0%
branch 10 taken 100% (fallthrough)
branch 11 taken 0%
branch 12 taken 95% (fallthrough)
branch 13 taken 5%
branch 14 taken 100% (fallthrough)
branch 15 taken 0%
branch 16 taken 100% (fallthrough)
branch 17 taken 0%
branch 18 taken 100% (fallthrough)
branch 19 taken 0%
branch 20 taken 100% (fallthrough)
branch 21 taken 0%
branch 22 taken 100% (fallthrough)
branch 23 taken 0%
branch 24 taken 0% (fallthrough)
branch 25 taken 100%
     114*:  982:        if(!parse_expression()) return ERROR;
call    0 returned 100%
branch  1 taken 0% (fallthrough)
branch  2 taken 100%
        -:  983:        // 式の型は標準型でなくてはならない
      114:  984:        if(!(typeNoRef == TPINT || typeNoRef == TPBOOL || typeNoRef == TPCHAR)) {
branch  0 taken 67% (fallthrough)
branch  1 taken 33%
branch  2 taken 51% (fallthrough)
branch  3 taken 49%
branch  4 taken 3% (fallthrough)
branch  5 taken 97%
        1:  985:            return error("The expression type must be one of standard types");
call    0 returned 100%
        -:  986:        }
      113:  987:        if(token == TCOLON) {
branch  0 taken 33% (fallthrough)
branch  1 taken 67%
       37:  988:            print_token();
call    0 returned 100%
      37*:  989:            if(token != TNUMBER) return error("Number is not found");
branch  0 taken 0% (fallthrough)
branch  1 taken 100%
call    2 never executed
       37:  990:            snprintf(numBuf, 6, "%d", num_attr);
       37:  991:            gen_code_3("LAD", "GR2", numBuf, NULL);
call    0 returned 100%
       37:  992:            print_token();
call    0 returned 100%
        -:  993:        } else {
       76:  994:            gen_code_3("LAD", "GR2", "0", NULL);
call    0 returned 100%
        -:  995:        }
      113:  996:        switch(typeNoRef) {
branch  0 taken 34%
branch  1 taken 33%
branch  2 taken 34%
branch  3 taken 0%
       38:  997:            case TPINT:
       38:  998:                gen_jump("CALL", "WRITEINT", NULL);
call    0 returned 100%
       38:  999:                break;
       37: 1000:            case TPBOOL:
       37: 1001:                gen_jump("CALL", "WRITEBOOL", NULL);
call    0 returned 100%
       37: 1002:                break;
       38: 1003:            case TPCHAR:
       38: 1004:                gen_jump("CALL", "WRITECHAR", NULL);
call    0 returned 100%
       38: 1005:                break;
        -: 1006:        }
       42: 1007:    } else if(token != TSTRING) {
branch  0 taken 5% (fallthrough)
branch  1 taken 95%
        2: 1008:        return error("String is not found");
call    0 returned 100%
        -: 1009:    } else {
       40: 1010:        gen_code_3_string("LAD", "GR1", string_attr, NULL);
call    0 returned 100%
       40: 1011:        gen_code_3("LAD", "GR2", "0", NULL);
call    0 returned 100%
       40: 1012:        gen_jump("CALL", "WRITESTR", NULL);
call    0 returned 100%
       40: 1013:        print_token();
call    0 returned 100%
        -: 1014:    }
        -: 1015:
      153: 1016:    remove_symbol_tail();
call    0 returned 100%
      153: 1017:    return NORMAL;
        -: 1018:}
